[2020-07-31T14:42:46.082] [DEBUG] cheese - login => username:GG_TT,password:123456
[2020-07-31T14:42:46.083] [DEBUG] cheese - GG_TT
[2020-07-31T14:42:46.095] [DEBUG] cheese - null
[2020-07-31T14:42:46.096] [DEBUG] cheese - null
[2020-07-31T14:44:28.505] [DEBUG] cheese - login => username:adin,password:123456
[2020-07-31T14:44:28.506] [DEBUG] cheese - adin
[2020-07-31T14:44:28.518] [DEBUG] cheese - null
[2020-07-31T14:44:28.518] [DEBUG] cheese - null
[2020-07-31T14:44:35.759] [DEBUG] cheese - login => username:admin,password:123456
[2020-07-31T14:44:35.760] [DEBUG] cheese - admin
[2020-07-31T14:44:35.766] [DEBUG] cheese - null
[2020-07-31T14:44:35.766] [DEBUG] cheese - null
[2020-07-31T14:52:25.001] [DEBUG] cheese - login => username:admin,password:123456
[2020-07-31T14:52:25.002] [DEBUG] cheese - admin
[2020-07-31T14:52:25.013] [DEBUG] cheese - null
[2020-07-31T14:52:25.013] [DEBUG] cheese - null
[2020-07-31T17:27:30.101] [DEBUG] cheese - login => username:123,password:fdsafdsa
[2020-07-31T17:27:30.102] [DEBUG] cheese - 123
[2020-07-31T17:27:30.136] [DEBUG] cheese - null
[2020-07-31T17:27:30.137] [DEBUG] cheese - null
[2020-07-31T17:39:37.931] [DEBUG] cheese - login => username:fdsa,password:fdsafds
[2020-07-31T17:39:37.931] [DEBUG] cheese - fdsa
[2020-07-31T17:39:37.947] [DEBUG] cheese - null
[2020-07-31T17:39:37.947] [DEBUG] cheese - null
[2020-07-31T17:40:11.205] [DEBUG] cheese - login => username:fdsa,password:fdasf
[2020-07-31T17:40:11.205] [DEBUG] cheese - fdsa
[2020-07-31T17:40:11.207] [DEBUG] cheese - null
[2020-07-31T17:40:11.207] [DEBUG] cheese - null
[2020-07-31T17:40:48.077] [DEBUG] cheese - login => username:fdsa,password:fdasfda
[2020-07-31T17:40:48.077] [DEBUG] cheese - fdsa
[2020-07-31T17:40:48.079] [DEBUG] cheese - null
[2020-07-31T17:40:48.079] [DEBUG] cheese - null
[2020-07-31T17:48:11.698] [DEBUG] cheese - login => username:admin,password:111
[2020-07-31T17:48:11.698] [DEBUG] cheese - admin
[2020-07-31T17:48:11.711] [DEBUG] cheese - null
[2020-07-31T17:48:11.711] [DEBUG] cheese - null
[2020-07-31T17:49:10.024] [DEBUG] cheese - login => username:fdsaf,password:fdsafd
[2020-07-31T17:49:10.024] [DEBUG] cheese - fdsaf
[2020-07-31T17:49:10.026] [DEBUG] cheese - null
[2020-07-31T17:49:10.026] [DEBUG] cheese - null
[2020-07-31T17:51:14.442] [DEBUG] cheese - login => username:fdsa,password:fdas
[2020-07-31T17:51:14.443] [DEBUG] cheese - fdsa
[2020-07-31T17:51:14.449] [DEBUG] cheese - null
[2020-07-31T17:51:14.449] [DEBUG] cheese - null
[2020-07-31T17:51:44.317] [DEBUG] cheese - login => username:admin,password:fdjsalkfa
[2020-07-31T17:51:44.317] [DEBUG] cheese - admin
[2020-07-31T17:51:44.320] [DEBUG] cheese - null
[2020-07-31T17:51:44.320] [DEBUG] cheese - null
[2020-07-31T17:58:13.780] [DEBUG] cheese - login => username:fdsa,password:fdsa
[2020-07-31T17:58:13.780] [DEBUG] cheese - fdsa
[2020-07-31T17:58:13.787] [DEBUG] cheese - null
[2020-07-31T17:58:13.787] [DEBUG] cheese - null
[2020-07-31T17:58:21.290] [DEBUG] cheese - login => username:admin,password:fdsa
[2020-07-31T17:58:21.290] [DEBUG] cheese - admin
[2020-07-31T17:58:21.292] [DEBUG] cheese - null
[2020-07-31T17:58:21.292] [DEBUG] cheese - null
[2020-07-31T18:10:56.267] [DEBUG] cheese - login => username:fsdafsda,password:fdasfasd
[2020-07-31T18:10:56.267] [DEBUG] cheese - fsdafsda
[2020-07-31T18:10:56.274] [DEBUG] cheese - null
[2020-07-31T18:10:56.274] [DEBUG] cheese - null
[2020-07-31T18:11:06.411] [DEBUG] cheese - login => username:admin,password:fdasfasd
[2020-07-31T18:11:06.411] [DEBUG] cheese - admin
[2020-07-31T18:11:06.412] [DEBUG] cheese - null
[2020-07-31T18:11:06.413] [DEBUG] cheese - null
[2020-07-31T18:24:46.790] [DEBUG] cheese - login => username:admin,password:111
[2020-07-31T18:24:46.790] [DEBUG] cheese - admin
[2020-07-31T18:24:46.797] [DEBUG] cheese - null
[2020-07-31T18:24:46.797] [DEBUG] cheese - null
[2020-07-31T18:24:58.132] [DEBUG] cheese - login => username:admin,password:123456
[2020-07-31T18:24:58.132] [DEBUG] cheese - admin
[2020-07-31T18:24:58.135] [DEBUG] cheese - null
[2020-07-31T18:24:58.135] [DEBUG] cheese - null
[2020-08-01T12:05:34.858] [DEBUG] cheese - login => username:fdsafdsa,password:fdsaafds
[2020-08-01T12:05:34.860] [DEBUG] cheese - fdsafdsa
[2020-08-01T12:05:34.897] [DEBUG] cheese - null
[2020-08-01T12:05:34.898] [DEBUG] cheese - null
[2020-08-01T12:25:13.817] [DEBUG] cheese - login => username:admin,password:123456
[2020-08-01T12:25:13.817] [DEBUG] cheese - admin
[2020-08-01T12:25:13.827] [DEBUG] cheese - null
[2020-08-01T12:25:13.827] [DEBUG] cheese - null
[2020-08-01T12:26:44.474] [DEBUG] cheese - login => username:admin,password:123456
[2020-08-01T12:26:44.474] [DEBUG] cheese - admin
[2020-08-01T12:26:44.477] [DEBUG] cheese - null
[2020-08-01T12:26:44.477] [DEBUG] cheese - null
[2020-08-01T13:30:25.904] [DEBUG] cheese - login => username:admin,password:123456
[2020-08-01T13:30:25.904] [DEBUG] cheese - admin
[2020-08-01T13:30:25.928] [DEBUG] cheese - null
[2020-08-01T13:30:25.928] [DEBUG] cheese - null
[2020-08-01T13:31:05.182] [DEBUG] cheese - login => username:admin,password:123456
[2020-08-01T13:31:05.182] [DEBUG] cheese - admin
[2020-08-01T13:31:05.184] [DEBUG] cheese - null
[2020-08-01T13:31:05.184] [DEBUG] cheese - null
[2020-08-01T13:32:17.881] [DEBUG] cheese - login => username:admin,password:123456
[2020-08-01T13:32:17.881] [DEBUG] cheese - admin
[2020-08-01T13:32:17.882] [DEBUG] cheese - null
[2020-08-01T13:32:17.882] [DEBUG] cheese - null
[2020-08-01T13:33:44.419] [DEBUG] cheese - login => username:admin,password:1234565
[2020-08-01T13:33:44.419] [DEBUG] cheese - admin
[2020-08-01T13:33:44.422] [DEBUG] cheese - null
[2020-08-01T13:33:44.422] [DEBUG] cheese - null
[2020-08-01T13:33:49.681] [DEBUG] cheese - login => username:admin,password:123456
[2020-08-01T13:33:49.681] [DEBUG] cheese - admin
[2020-08-01T13:33:49.683] [DEBUG] cheese - null
[2020-08-01T13:33:49.683] [DEBUG] cheese - null
[2020-08-01T13:53:47.403] [DEBUG] cheese - login => username:admin,password:123456
[2020-08-01T13:53:47.404] [DEBUG] cheese - admin
[2020-08-01T13:53:47.411] [DEBUG] cheese - null
[2020-08-01T13:53:47.412] [DEBUG] cheese - null
[2020-08-01T13:54:14.930] [DEBUG] cheese - login => username:admin,password:123456
[2020-08-01T13:54:14.930] [DEBUG] cheese - admin
[2020-08-01T13:54:14.932] [DEBUG] cheese - null
[2020-08-01T13:54:14.932] [DEBUG] cheese - null
[2020-08-01T13:59:09.668] [DEBUG] cheese - login => username:admin,password:123456
[2020-08-01T13:59:09.668] [DEBUG] cheese - admin
[2020-08-01T13:59:09.673] [DEBUG] cheese - null
[2020-08-01T13:59:09.673] [DEBUG] cheese - null
[2020-08-01T14:12:08.891] [DEBUG] cheese - login => username:admin,password:123456
[2020-08-01T14:12:08.891] [DEBUG] cheese - admin
[2020-08-01T14:12:08.900] [DEBUG] cheese - null
[2020-08-01T14:12:08.900] [DEBUG] cheese - null
[2020-08-01T14:15:24.339] [DEBUG] cheese - login => username:admin,password:123456
[2020-08-01T14:15:24.339] [DEBUG] cheese - admin
[2020-08-01T14:15:24.341] [DEBUG] cheese - null
[2020-08-01T14:15:24.341] [DEBUG] cheese - null
[2020-08-01T15:51:21.735] [DEBUG] cheese - login => username:admin,password:123456
[2020-08-01T15:51:21.735] [DEBUG] cheese - admin
[2020-08-01T15:51:21.743] [DEBUG] cheese - null
[2020-08-01T15:51:21.744] [DEBUG] cheese - null
[2020-08-01T16:07:22.125] [DEBUG] cheese - login => username:admin,password:123456
[2020-08-01T16:07:22.125] [DEBUG] cheese - admin
[2020-08-01T16:07:22.127] [DEBUG] cheese - null
[2020-08-01T16:07:22.127] [DEBUG] cheese - null
[2020-08-01T16:08:02.186] [DEBUG] cheese - login => username:admin,password:123456
[2020-08-01T16:08:02.187] [DEBUG] cheese - admin
[2020-08-01T16:08:02.189] [DEBUG] cheese - null
[2020-08-01T16:08:02.189] [DEBUG] cheese - null
[2020-08-01T16:09:10.290] [DEBUG] cheese - login => username:admin`,password:123456
[2020-08-01T16:09:10.290] [DEBUG] cheese - admin`
[2020-08-01T16:09:10.291] [DEBUG] cheese - null
[2020-08-01T16:09:10.291] [DEBUG] cheese - null
[2020-08-01T16:09:13.109] [DEBUG] cheese - login => username:admin,password:123456
[2020-08-01T16:09:13.109] [DEBUG] cheese - admin
[2020-08-01T16:09:13.111] [DEBUG] cheese - null
[2020-08-01T16:09:13.111] [DEBUG] cheese - null
[2020-08-01T16:09:41.921] [DEBUG] cheese - login => username:admin,password:123456
[2020-08-01T16:09:41.921] [DEBUG] cheese - admin
[2020-08-01T16:09:41.922] [DEBUG] cheese - null
[2020-08-01T16:09:41.923] [DEBUG] cheese - null
[2020-08-01T16:12:09.416] [DEBUG] cheese - login => username:admin,password:123456
[2020-08-01T16:12:09.416] [DEBUG] cheese - admin
[2020-08-01T16:12:09.422] [DEBUG] cheese - null
[2020-08-01T16:12:09.423] [DEBUG] cheese - null
[2020-08-01T16:13:00.092] [DEBUG] cheese - login => username:admin,password:123456
[2020-08-01T16:13:00.093] [DEBUG] cheese - admin
[2020-08-01T16:13:00.094] [DEBUG] cheese - null
[2020-08-01T16:13:00.094] [DEBUG] cheese - null
[2020-08-01T16:16:05.451] [DEBUG] cheese - login => username:admin,password:123456
[2020-08-01T16:16:05.452] [DEBUG] cheese - admin
[2020-08-01T16:16:05.455] [DEBUG] cheese - null
[2020-08-01T16:16:05.455] [DEBUG] cheese - null
[2020-08-01T16:21:34.294] [DEBUG] cheese - login => username:admin,password:123456
[2020-08-01T16:21:34.294] [DEBUG] cheese - admin
[2020-08-01T16:21:34.298] [DEBUG] cheese - null
[2020-08-01T16:21:34.298] [DEBUG] cheese - null
[2020-08-01T16:22:00.889] [DEBUG] cheese - login => username:admin,password:123456
[2020-08-01T16:22:00.889] [DEBUG] cheese - admin
[2020-08-01T16:22:00.891] [DEBUG] cheese - null
[2020-08-01T16:22:00.891] [DEBUG] cheese - null
[2020-08-01T16:25:03.010] [DEBUG] cheese - login => username:admin,password:123456
[2020-08-01T16:25:03.010] [DEBUG] cheese - admin
[2020-08-01T16:25:03.013] [DEBUG] cheese - null
[2020-08-01T16:25:03.013] [DEBUG] cheese - null
[2020-08-01T18:03:27.550] [DEBUG] cheese - login => username:admin,password:123456
[2020-08-01T18:03:27.550] [DEBUG] cheese - admin
[2020-08-01T18:03:27.561] [DEBUG] cheese - null
[2020-08-01T18:03:27.561] [DEBUG] cheese - null
[2020-08-01T18:04:15.485] [DEBUG] cheese - login => username:admin,password:123456
[2020-08-01T18:04:15.485] [DEBUG] cheese - admin
[2020-08-01T18:04:15.489] [DEBUG] cheese - null
[2020-08-01T18:04:15.489] [DEBUG] cheese - null
[2020-08-01T18:22:09.485] [DEBUG] cheese - login => username:admin,password:123456
[2020-08-01T18:22:09.485] [DEBUG] cheese - admin
[2020-08-01T18:22:09.491] [DEBUG] cheese - null
[2020-08-01T18:22:09.492] [DEBUG] cheese - null
[2020-08-01T19:01:17.360] [DEBUG] cheese - login => username:admin,password:123456
[2020-08-01T19:01:17.360] [DEBUG] cheese - admin
[2020-08-01T19:01:17.383] [DEBUG] cheese - null
[2020-08-01T19:01:17.383] [DEBUG] cheese - null
[2020-08-02T10:50:49.318] [DEBUG] cheese - login => username:admin,password:123456
[2020-08-02T10:50:49.319] [DEBUG] cheese - admin
[2020-08-02T10:50:49.326] [DEBUG] cheese - null
[2020-08-02T10:50:49.327] [DEBUG] cheese - null
[2020-08-02T11:01:46.304] [DEBUG] cheese - login => username:admin,password:123456
[2020-08-02T11:01:46.304] [DEBUG] cheese - admin
[2020-08-02T11:01:46.310] [DEBUG] cheese - null
[2020-08-02T11:01:46.310] [DEBUG] cheese - null
[2020-08-02T16:28:49.768] [DEBUG] cheese - login => username:admin,password:123456
[2020-08-02T16:28:49.769] [DEBUG] cheese - admin
[2020-08-02T16:31:08.946] [DEBUG] cheese - login => username:admin,password:123456
[2020-08-02T16:31:08.947] [DEBUG] cheese - admin
[2020-08-02T16:31:08.949] [DEBUG] cheese - login => username:admin,password:123456
[2020-08-02T16:31:08.949] [DEBUG] cheese - admin
[2020-08-02T16:31:08.951] [DEBUG] cheese - login => username:admin,password:123456
[2020-08-02T16:31:08.951] [DEBUG] cheese - admin
[2020-08-02T16:31:08.957] [DEBUG] cheese - login => username:admin,password:123456
[2020-08-02T16:31:08.957] [DEBUG] cheese - admin
[2020-08-02T16:31:08.959] [DEBUG] cheese - login => username:admin,password:123456
[2020-08-02T16:31:08.959] [DEBUG] cheese - admin
[2020-08-02T16:31:08.984] [DEBUG] cheese - null
[2020-08-02T16:31:08.984] [DEBUG] cheese - null
[2020-08-02T16:31:09.054] [DEBUG] cheese - null
[2020-08-02T16:31:09.054] [DEBUG] cheese - null
[2020-08-02T16:31:09.123] [DEBUG] cheese - null
[2020-08-02T16:31:09.124] [DEBUG] cheese - null
[2020-08-02T16:31:09.193] [DEBUG] cheese - null
[2020-08-02T16:31:09.194] [DEBUG] cheese - null
[2020-08-02T16:31:09.264] [DEBUG] cheese - null
[2020-08-02T16:31:09.264] [DEBUG] cheese - null
[2020-08-02T16:31:09.333] [DEBUG] cheese - null
[2020-08-02T16:31:09.333] [DEBUG] cheese - null
[2020-08-02T17:25:09.826] [DEBUG] cheese - login => username:admin,password:111111
[2020-08-02T17:25:09.827] [DEBUG] cheese - admin
[2020-08-02T17:25:09.836] [DEBUG] cheese - null
[2020-08-02T17:25:09.836] [DEBUG] cheese - null
[2020-08-02T17:25:15.855] [DEBUG] cheese - login => username:admin,password:123456
[2020-08-02T17:25:15.855] [DEBUG] cheese - admin
[2020-08-02T17:25:15.857] [DEBUG] cheese - null
[2020-08-02T17:25:15.857] [DEBUG] cheese - null
[2020-08-02T17:25:30.855] [DEBUG] cheese - login => username:admin,password:123456
[2020-08-02T17:25:30.855] [DEBUG] cheese - admin
[2020-08-02T17:25:30.858] [DEBUG] cheese - null
[2020-08-02T17:25:30.858] [DEBUG] cheese - null
[2020-08-02T17:58:49.418] [DEBUG] cheese - login => username:admin,password:123456
[2020-08-02T17:58:49.418] [DEBUG] cheese - admin
[2020-08-02T17:58:49.421] [DEBUG] cheese - null
[2020-08-02T17:58:49.421] [DEBUG] cheese - null
[2020-08-02T18:12:00.986] [DEBUG] cheese - login => username:admin,password:123456
[2020-08-02T18:12:00.987] [DEBUG] cheese - admin
[2020-08-02T18:12:00.989] [DEBUG] cheese - null
[2020-08-02T18:12:00.989] [DEBUG] cheese - null
[2020-08-02T18:18:13.962] [DEBUG] cheese - login => username:liken,password:123456
[2020-08-02T18:18:13.962] [DEBUG] cheese - liken
[2020-08-02T18:18:13.965] [DEBUG] cheese - null
[2020-08-02T18:18:13.965] [DEBUG] cheese - null
[2020-08-02T18:18:28.956] [DEBUG] cheese - login => username:linken,password:123456
[2020-08-02T18:18:28.956] [DEBUG] cheese - linken
[2020-08-02T18:18:28.958] [DEBUG] cheese - null
[2020-08-02T18:18:28.958] [DEBUG] cheese - null
[2020-08-02T18:18:29.073] [DEBUG] cheese - null
[2020-08-02T18:18:29.080] [DEBUG] cheese - null
[2020-08-02T18:18:30.980] [DEBUG] cheese - null
[2020-08-02T18:18:30.983] [DEBUG] cheese - null
[2020-08-02T18:18:59.240] [DEBUG] cheese - null
[2020-08-02T18:18:59.246] [DEBUG] cheese - null
[2020-08-02T18:18:59.253] [DEBUG] cheese - null
[2020-08-02T18:18:59.260] [DEBUG] cheese - null
[2020-08-02T18:19:44.487] [DEBUG] cheese - null
[2020-08-02T18:19:44.490] [DEBUG] cheese - null
[2020-08-02T18:19:45.325] [DEBUG] cheese - null
[2020-08-02T18:19:45.328] [DEBUG] cheese - null
[2020-08-02T18:19:45.524] [DEBUG] cheese - null
[2020-08-02T18:19:45.527] [DEBUG] cheese - null
[2020-08-02T18:19:45.749] [DEBUG] cheese - null
[2020-08-02T18:19:45.751] [DEBUG] cheese - null
[2020-08-02T18:19:45.957] [DEBUG] cheese - null
[2020-08-02T18:19:45.959] [DEBUG] cheese - null
[2020-08-02T18:19:46.572] [DEBUG] cheese - null
[2020-08-02T18:19:46.575] [DEBUG] cheese - null
[2020-08-02T18:20:48.171] [DEBUG] cheese - login => username:linken,password:123456
[2020-08-02T18:20:48.171] [DEBUG] cheese - linken
[2020-08-02T18:20:48.174] [DEBUG] cheese - null
[2020-08-02T18:20:48.174] [DEBUG] cheese - null
[2020-08-02T18:20:48.274] [DEBUG] cheese - null
[2020-08-02T18:20:48.280] [DEBUG] cheese - null
[2020-08-02T18:20:50.269] [DEBUG] cheese - null
[2020-08-02T18:20:50.271] [DEBUG] cheese - null
[2020-08-02T18:20:59.387] [DEBUG] cheese - null
[2020-08-02T18:20:59.391] [DEBUG] cheese - null
[2020-08-02T18:25:52.020] [DEBUG] cheese - login => username:admin,password:123456
[2020-08-02T18:25:52.021] [DEBUG] cheese - admin
[2020-08-02T18:25:52.041] [DEBUG] cheese - null
[2020-08-02T18:25:52.041] [DEBUG] cheese - null
[2020-08-02T18:28:01.260] [DEBUG] cheese - login => username:admin,password:123456
[2020-08-02T18:28:01.260] [DEBUG] cheese - admin
[2020-08-02T18:28:01.267] [DEBUG] cheese - null
[2020-08-02T18:28:01.267] [DEBUG] cheese - null
[2020-08-02T18:31:58.369] [DEBUG] cheese - login => username:管理员咕咕,password:123456
[2020-08-02T18:31:58.369] [DEBUG] cheese - 管理员咕咕
[2020-08-02T18:31:58.371] [DEBUG] cheese - null
[2020-08-02T18:31:58.371] [DEBUG] cheese - null
[2020-08-02T18:32:07.978] [DEBUG] cheese - login => username:admin,password:123456
[2020-08-02T18:32:07.978] [DEBUG] cheese - admin
[2020-08-02T18:32:07.980] [DEBUG] cheese - null
[2020-08-02T18:32:07.980] [DEBUG] cheese - null
[2020-08-02T20:01:58.699] [DEBUG] cheese - login => username:admin,password:123456
[2020-08-02T20:01:58.699] [DEBUG] cheese - admin
[2020-08-02T20:01:58.701] [DEBUG] cheese - null
[2020-08-02T20:01:58.702] [DEBUG] cheese - null
[2020-08-03T11:52:21.199] [DEBUG] cheese - login => username:admin,password:123456
[2020-08-03T11:52:21.200] [DEBUG] cheese - admin
[2020-08-03T11:52:21.218] [DEBUG] cheese - null
[2020-08-03T11:52:21.219] [DEBUG] cheese - null
[2020-08-03T20:02:40.605] [DEBUG] cheese - login => username:admin,password:123456
[2020-08-03T20:02:40.606] [DEBUG] cheese - admin
[2020-08-03T20:02:40.622] [DEBUG] cheese - null
[2020-08-03T20:02:40.623] [DEBUG] cheese - null
[2022-03-08T10:25:51.262] [DEBUG] cheese - login => username:admin,password:123456
[2022-03-08T10:25:51.266] [DEBUG] cheese - admin
[2022-03-08T10:25:51.305] [DEBUG] cheese - null
[2022-03-08T10:25:51.306] [DEBUG] cheese - null
[2022-03-08T10:54:48.172] [DEBUG] cheese - login => username:fdsa,password:fdsaf
[2022-03-08T10:54:48.173] [DEBUG] cheese - fdsa
[2022-03-08T10:54:48.198] [DEBUG] cheese - null
[2022-03-08T10:54:48.198] [DEBUG] cheese - null
[2022-03-08T10:54:48.579] [DEBUG] cheese - login => username:fdsa,password:fdsaf
[2022-03-08T10:54:48.579] [DEBUG] cheese - fdsa
[2022-03-08T10:54:48.581] [DEBUG] cheese - null
[2022-03-08T10:54:48.581] [DEBUG] cheese - null
[2022-03-08T10:54:49.151] [DEBUG] cheese - login => username:fdsa,password:fdsaf
[2022-03-08T10:54:49.152] [DEBUG] cheese - fdsa
[2022-03-08T10:54:49.154] [DEBUG] cheese - null
[2022-03-08T10:54:49.154] [DEBUG] cheese - null
[2022-03-08T10:54:49.328] [DEBUG] cheese - login => username:fdsa,password:fdsaf
[2022-03-08T10:54:49.328] [DEBUG] cheese - fdsa
[2022-03-08T10:54:49.330] [DEBUG] cheese - null
[2022-03-08T10:54:49.330] [DEBUG] cheese - null
[2022-03-08T10:54:49.508] [DEBUG] cheese - login => username:fdsa,password:fdsaf
[2022-03-08T10:54:49.508] [DEBUG] cheese - fdsa
[2022-03-08T10:54:49.510] [DEBUG] cheese - null
[2022-03-08T10:54:49.510] [DEBUG] cheese - null
[2022-03-08T10:55:01.729] [DEBUG] cheese - login => username:admin,password:123456
[2022-03-08T10:55:01.729] [DEBUG] cheese - admin
[2022-03-08T10:55:01.736] [DEBUG] cheese - null
[2022-03-08T10:55:01.736] [DEBUG] cheese - null
[2022-03-08T10:57:28.688] [DEBUG] cheese - login => username:admin,password:123456
[2022-03-08T10:57:28.688] [DEBUG] cheese - admin
[2022-03-08T10:57:28.692] [DEBUG] cheese - null
[2022-03-08T10:57:28.692] [DEBUG] cheese - null
[2022-03-08T16:05:21.594] [DEBUG] cheese - login => username:fdsafads,password:fdsa
[2022-03-08T16:05:21.598] [DEBUG] cheese - fdsafads
[2022-03-08T16:05:21.634] [DEBUG] cheese - null
[2022-03-08T16:05:21.634] [DEBUG] cheese - null
[2022-03-08T16:11:13.792] [DEBUG] cheese - login => username:admin,password:fdsafdsafdas
[2022-03-08T16:11:13.792] [DEBUG] cheese - admin
[2022-03-08T16:11:13.804] [DEBUG] cheese - null
[2022-03-08T16:11:13.804] [DEBUG] cheese - null
[2022-03-08T16:11:42.293] [DEBUG] cheese - login => username:admin,password:123456
[2022-03-08T16:11:42.294] [DEBUG] cheese - admin
[2022-03-08T16:11:42.296] [DEBUG] cheese - null
[2022-03-08T16:11:42.296] [DEBUG] cheese - null
[2022-03-08T16:15:07.030] [DEBUG] cheese - login => username:fds,password:rew
[2022-03-08T16:15:07.030] [DEBUG] cheese - fds
[2022-03-08T16:15:07.044] [DEBUG] cheese - null
[2022-03-08T16:15:07.044] [DEBUG] cheese - null
[2022-03-08T16:15:07.772] [DEBUG] cheese - login => username:fds,password:rew
[2022-03-08T16:15:07.772] [DEBUG] cheese - fds
[2022-03-08T16:15:07.774] [DEBUG] cheese - null
[2022-03-08T16:15:07.774] [DEBUG] cheese - null
[2022-03-08T16:15:08.128] [DEBUG] cheese - login => username:fds,password:rew
[2022-03-08T16:15:08.128] [DEBUG] cheese - fds
[2022-03-08T16:15:08.129] [DEBUG] cheese - null
[2022-03-08T16:15:08.129] [DEBUG] cheese - null
[2022-03-08T16:15:08.296] [DEBUG] cheese - login => username:fds,password:rew
[2022-03-08T16:15:08.296] [DEBUG] cheese - fds
[2022-03-08T16:15:08.299] [DEBUG] cheese - null
[2022-03-08T16:15:08.299] [DEBUG] cheese - null
[2022-03-08T16:15:08.470] [DEBUG] cheese - login => username:fds,password:rew
[2022-03-08T16:15:08.470] [DEBUG] cheese - fds
[2022-03-08T16:15:08.471] [DEBUG] cheese - null
[2022-03-08T16:15:08.471] [DEBUG] cheese - null
[2022-03-08T16:15:08.634] [DEBUG] cheese - login => username:fds,password:rew
[2022-03-08T16:15:08.634] [DEBUG] cheese - fds
[2022-03-08T16:15:08.637] [DEBUG] cheese - null
[2022-03-08T16:15:08.637] [DEBUG] cheese - null
[2022-03-08T16:15:08.796] [DEBUG] cheese - login => username:fds,password:rew
[2022-03-08T16:15:08.796] [DEBUG] cheese - fds
[2022-03-08T16:15:08.799] [DEBUG] cheese - null
[2022-03-08T16:15:08.799] [DEBUG] cheese - null
[2022-03-08T16:15:09.052] [DEBUG] cheese - login => username:fds,password:rew
[2022-03-08T16:15:09.052] [DEBUG] cheese - fds
[2022-03-08T16:15:09.054] [DEBUG] cheese - null
[2022-03-08T16:15:09.055] [DEBUG] cheese - null
[2022-03-08T16:15:09.237] [DEBUG] cheese - login => username:fds,password:rew
[2022-03-08T16:15:09.237] [DEBUG] cheese - fds
[2022-03-08T16:15:09.239] [DEBUG] cheese - null
[2022-03-08T16:15:09.239] [DEBUG] cheese - null
[2022-03-08T16:15:09.492] [DEBUG] cheese - login => username:fds,password:rew
[2022-03-08T16:15:09.492] [DEBUG] cheese - fds
[2022-03-08T16:15:09.493] [DEBUG] cheese - null
[2022-03-08T16:15:09.493] [DEBUG] cheese - null
[2022-03-08T16:15:09.688] [DEBUG] cheese - login => username:fds,password:rew
[2022-03-08T16:15:09.688] [DEBUG] cheese - fds
[2022-03-08T16:15:09.690] [DEBUG] cheese - null
[2022-03-08T16:15:09.690] [DEBUG] cheese - null
[2022-03-08T16:15:46.244] [DEBUG] cheese - login => username:fdsa,password:fdsa
[2022-03-08T16:15:46.244] [DEBUG] cheese - fdsa
[2022-03-08T16:15:46.245] [DEBUG] cheese - null
[2022-03-08T16:15:46.245] [DEBUG] cheese - null
[2022-03-08T16:15:57.238] [DEBUG] cheese - login => username:admin,password:fdsafdsafdsaf
[2022-03-08T16:15:57.238] [DEBUG] cheese - admin
[2022-03-08T16:15:57.240] [DEBUG] cheese - null
[2022-03-08T16:15:57.240] [DEBUG] cheese - null
[2022-03-08T16:16:04.968] [DEBUG] cheese - login => username:admin,password:123456
[2022-03-08T16:16:04.968] [DEBUG] cheese - admin
[2022-03-08T16:16:04.970] [DEBUG] cheese - null
[2022-03-08T16:16:04.970] [DEBUG] cheese - null
[2022-03-08T16:24:42.069] [DEBUG] cheese - login => username:admin,password:123456
[2022-03-08T16:24:42.070] [DEBUG] cheese - admin
[2022-03-08T16:24:42.079] [DEBUG] cheese - null
[2022-03-08T16:24:42.079] [DEBUG] cheese - null
[2022-03-08T16:33:55.370] [DEBUG] cheese - login => username:fdsa,password:fdsaf
[2022-03-08T16:33:55.370] [DEBUG] cheese - fdsa
[2022-03-08T16:33:55.381] [DEBUG] cheese - null
[2022-03-08T16:33:55.382] [DEBUG] cheese - null
[2022-03-08T16:34:18.634] [DEBUG] cheese - login => username:admin,password:123456
[2022-03-08T16:34:18.634] [DEBUG] cheese - admin
[2022-03-08T16:34:18.636] [DEBUG] cheese - null
[2022-03-08T16:34:18.636] [DEBUG] cheese - null
[2022-03-08T16:34:29.200] [DEBUG] cheese - login => username:admin,password:123456
[2022-03-08T16:34:29.200] [DEBUG] cheese - admin
[2022-03-08T16:34:29.202] [DEBUG] cheese - null
[2022-03-08T16:34:29.202] [DEBUG] cheese - null
[2022-03-08T17:28:44.292] [DEBUG] cheese - login => username:admin,password:123456
[2022-03-08T17:28:44.294] [DEBUG] cheese - admin
[2022-03-08T17:28:44.355] [DEBUG] cheese - null
[2022-03-08T17:28:44.356] [DEBUG] cheese - null
[2022-03-08T17:29:59.847] [DEBUG] cheese - login => username:admin,password:123456
[2022-03-08T17:29:59.847] [DEBUG] cheese - admin
[2022-03-08T17:29:59.849] [DEBUG] cheese - null
[2022-03-08T17:29:59.850] [DEBUG] cheese - null
[2022-03-08T17:55:06.641] [DEBUG] cheese - login => username:admin,password:123456
[2022-03-08T17:55:06.641] [DEBUG] cheese - admin
[2022-03-08T17:55:06.649] [DEBUG] cheese - null
[2022-03-08T17:55:06.649] [DEBUG] cheese - null
[2022-03-08T17:58:02.823] [DEBUG] cheese - login => username:admin,password:123456
[2022-03-08T17:58:02.824] [DEBUG] cheese - admin
[2022-03-08T17:58:02.829] [DEBUG] cheese - null
[2022-03-08T17:58:02.829] [DEBUG] cheese - null
[2022-03-08T17:58:37.999] [DEBUG] cheese - login => username:admin,password:123456
[2022-03-08T17:58:37.999] [DEBUG] cheese - admin
[2022-03-08T17:58:38.000] [DEBUG] cheese - null
[2022-03-08T17:58:38.001] [DEBUG] cheese - null
[2022-03-08T17:59:13.025] [DEBUG] cheese - login => username:admin,password:123456
[2022-03-08T17:59:13.025] [DEBUG] cheese - admin
[2022-03-08T17:59:13.028] [DEBUG] cheese - null
[2022-03-08T17:59:13.028] [DEBUG] cheese - null
[2022-03-08T17:59:54.025] [DEBUG] cheese - login => username:admin,password:123456
[2022-03-08T17:59:54.025] [DEBUG] cheese - admin
[2022-03-08T17:59:54.027] [DEBUG] cheese - null
[2022-03-08T17:59:54.027] [DEBUG] cheese - null
[2022-03-08T18:02:19.847] [DEBUG] cheese - login => username:admin,password:123456
[2022-03-08T18:02:19.847] [DEBUG] cheese - admin
[2022-03-08T18:02:19.853] [DEBUG] cheese - null
[2022-03-08T18:02:19.853] [DEBUG] cheese - null
[2022-03-08T18:03:15.992] [DEBUG] cheese - login => username:admin,password:123456
[2022-03-08T18:03:15.992] [DEBUG] cheese - admin
[2022-03-08T18:03:15.997] [DEBUG] cheese - null
[2022-03-08T18:03:15.997] [DEBUG] cheese - null
[2022-03-08T18:04:19.229] [DEBUG] cheese - login => username:admin,password:123456
[2022-03-08T18:04:19.229] [DEBUG] cheese - admin
[2022-03-08T18:04:19.230] [DEBUG] cheese - null
[2022-03-08T18:04:19.230] [DEBUG] cheese - null
[2022-03-08T18:15:18.911] [DEBUG] cheese - login => username:admin,password:123456
[2022-03-08T18:15:18.912] [DEBUG] cheese - admin
[2022-03-08T18:15:18.921] [DEBUG] cheese - null
[2022-03-08T18:15:18.921] [DEBUG] cheese - null
[2022-03-08T18:25:49.508] [DEBUG] cheese - login => username:admin,password:123456
[2022-03-08T18:25:49.508] [DEBUG] cheese - admin
[2022-03-08T18:25:49.512] [DEBUG] cheese - null
[2022-03-08T18:25:49.512] [DEBUG] cheese - null
[2022-03-08T19:28:42.151] [DEBUG] cheese - login => username:admin,password:123456
[2022-03-08T19:28:42.151] [DEBUG] cheese - admin
[2022-03-08T19:28:42.156] [DEBUG] cheese - null
[2022-03-08T19:28:42.156] [DEBUG] cheese - null
[2022-03-08T20:24:32.965] [DEBUG] cheese - login => username:admin,password:123456
[2022-03-08T20:24:32.965] [DEBUG] cheese - admin
[2022-03-08T20:24:32.966] [DEBUG] cheese - null
[2022-03-08T20:24:32.966] [DEBUG] cheese - null
[2022-03-08T20:27:18.433] [DEBUG] cheese - login => username:admin,password:123456
[2022-03-08T20:27:18.433] [DEBUG] cheese - admin
[2022-03-08T20:27:18.441] [DEBUG] cheese - null
[2022-03-08T20:27:18.441] [DEBUG] cheese - null
[2022-03-08T20:27:35.715] [DEBUG] cheese - login => username:admin,password:123456
[2022-03-08T20:27:35.715] [DEBUG] cheese - admin
[2022-03-08T20:27:35.719] [DEBUG] cheese - null
[2022-03-08T20:27:35.719] [DEBUG] cheese - null
[2022-03-08T20:29:11.132] [DEBUG] cheese - login => username:admin,password:123456
[2022-03-08T20:29:11.132] [DEBUG] cheese - admin
[2022-03-08T20:29:11.135] [DEBUG] cheese - null
[2022-03-08T20:29:11.135] [DEBUG] cheese - null
[2022-03-08T20:34:11.474] [DEBUG] cheese - login => username:admin,password:123456
[2022-03-08T20:34:11.474] [DEBUG] cheese - admin
[2022-03-08T20:34:11.481] [DEBUG] cheese - null
[2022-03-08T20:34:11.481] [DEBUG] cheese - null
[2022-03-09T11:08:56.780] [DEBUG] cheese - login => username:admin,password:123456
[2022-03-09T11:08:56.783] [DEBUG] cheese - admin
[2022-03-09T11:08:56.795] [DEBUG] cheese - null
[2022-03-09T11:08:56.796] [DEBUG] cheese - null
[2022-03-09T18:16:15.912] [DEBUG] cheese - login => username:admin,password:3243214
[2022-03-09T18:16:15.916] [DEBUG] cheese - admin
[2022-03-09T18:16:15.921] [DEBUG] cheese - null
[2022-03-09T18:16:15.922] [DEBUG] cheese - null
[2022-03-09T18:16:20.053] [DEBUG] cheese - login => username:admin,password:123456
[2022-03-09T18:16:20.053] [DEBUG] cheese - admin
[2022-03-09T18:16:20.055] [DEBUG] cheese - null
[2022-03-09T18:16:20.055] [DEBUG] cheese - null
[2022-03-10T13:36:34.132] [DEBUG] cheese - login => username:admin,password:123456
[2022-03-10T13:36:34.135] [DEBUG] cheese - admin
[2022-03-10T13:36:34.141] [DEBUG] cheese - null
[2022-03-10T13:36:34.141] [DEBUG] cheese - null
[2022-03-10T16:37:04.237] [DEBUG] cheese - login => username:admin,password:123456
[2022-03-10T16:37:04.238] [DEBUG] cheese - admin
[2022-03-10T16:37:04.242] [DEBUG] cheese - null
[2022-03-10T16:37:04.242] [DEBUG] cheese - null
[2022-03-10T18:23:12.631] [DEBUG] cheese - login => username:admin,password:123456
[2022-03-10T18:23:12.634] [DEBUG] cheese - admin
[2022-03-10T18:23:12.650] [DEBUG] cheese - null
[2022-03-10T18:23:12.650] [DEBUG] cheese - null
[2022-03-10T18:23:14.255] [DEBUG] cheese - null
[2022-03-10T18:23:14.259] [DEBUG] cheese - null
[2022-03-10T18:23:17.380] [DEBUG] cheese - null
[2022-03-10T18:23:17.382] [DEBUG] cheese - null
[2022-03-10T18:23:18.308] [DEBUG] cheese - null
[2022-03-10T18:23:18.312] [DEBUG] cheese - null
[2022-03-10T18:23:19.092] [DEBUG] cheese - null
[2022-03-10T18:23:19.094] [DEBUG] cheese - null
[2022-03-10T18:23:43.241] [DEBUG] cheese - null
[2022-03-10T18:23:43.243] [DEBUG] cheese - null
[2022-03-10T18:24:03.042] [DEBUG] cheese - null
[2022-03-10T18:24:03.043] [DEBUG] cheese - null
[2022-03-10T18:26:36.480] [DEBUG] cheese - null
[2022-03-10T18:26:36.482] [DEBUG] cheese - null
[2022-03-10T18:27:02.376] [DEBUG] cheese - null
[2022-03-10T18:27:02.379] [DEBUG] cheese - null
[2022-03-10T18:29:56.339] [DEBUG] cheese - null
[2022-03-10T18:29:56.342] [DEBUG] cheese - null
[2022-03-10T18:30:39.329] [DEBUG] cheese - null
[2022-03-10T18:30:39.332] [DEBUG] cheese - null
[2022-03-10T18:31:05.164] [DEBUG] cheese - null
[2022-03-10T18:31:05.166] [DEBUG] cheese - null
[2022-03-10T18:31:07.954] [DEBUG] cheese - null
[2022-03-10T18:31:07.956] [DEBUG] cheese - null
[2022-03-10T18:32:10.142] [DEBUG] cheese - null
[2022-03-10T18:32:10.143] [DEBUG] cheese - null
[2022-03-10T18:36:07.482] [DEBUG] cheese - null
[2022-03-10T18:36:07.483] [DEBUG] cheese - null
[2022-03-10T18:36:42.756] [DEBUG] cheese - null
[2022-03-10T18:36:42.757] [DEBUG] cheese - null
[2022-03-10T18:36:56.596] [DEBUG] cheese - null
[2022-03-10T18:36:56.598] [DEBUG] cheese - null
[2022-03-10T18:37:08.043] [DEBUG] cheese - null
[2022-03-10T18:37:08.046] [DEBUG] cheese - null
[2022-03-10T18:38:14.435] [DEBUG] cheese - null
[2022-03-10T18:38:14.437] [DEBUG] cheese - null
[2022-03-10T18:38:17.028] [DEBUG] cheese - null
[2022-03-10T18:38:17.031] [DEBUG] cheese - null
[2022-03-10T18:38:45.710] [DEBUG] cheese - null
[2022-03-10T18:38:45.713] [DEBUG] cheese - null
[2022-03-10T18:38:47.419] [DEBUG] cheese - null
[2022-03-10T18:38:47.423] [DEBUG] cheese - null
[2022-03-10T18:39:04.307] [DEBUG] cheese - null
[2022-03-10T18:39:04.309] [DEBUG] cheese - null
[2022-03-10T18:39:05.800] [DEBUG] cheese - null
[2022-03-10T18:39:05.803] [DEBUG] cheese - null
[2022-03-10T18:41:05.796] [DEBUG] cheese - null
[2022-03-10T18:41:05.798] [DEBUG] cheese - null
[2022-03-10T18:41:55.790] [DEBUG] cheese - null
[2022-03-10T18:41:55.791] [DEBUG] cheese - null
[2022-03-10T18:42:36.943] [DEBUG] cheese - null
[2022-03-10T18:42:36.944] [DEBUG] cheese - null
[2022-03-10T18:42:41.724] [DEBUG] cheese - null
[2022-03-10T18:42:41.726] [DEBUG] cheese - null
[2022-03-10T18:44:09.973] [DEBUG] cheese - null
[2022-03-10T18:44:09.974] [DEBUG] cheese - null
[2022-03-10T18:44:12.624] [DEBUG] cheese - null
[2022-03-10T18:44:12.626] [DEBUG] cheese - null
[2022-03-10T18:45:37.263] [DEBUG] cheese - null
[2022-03-10T18:45:37.264] [DEBUG] cheese - null
[2022-03-10T18:46:08.753] [DEBUG] cheese - null
[2022-03-10T18:46:08.755] [DEBUG] cheese - null
[2022-03-10T18:46:20.496] [DEBUG] cheese - null
[2022-03-10T18:46:20.497] [DEBUG] cheese - null
[2022-03-10T18:46:21.934] [DEBUG] cheese - null
[2022-03-10T18:46:21.936] [DEBUG] cheese - null
[2022-03-10T18:46:39.200] [DEBUG] cheese - null
[2022-03-10T18:46:39.202] [DEBUG] cheese - null
[2022-03-10T18:46:42.570] [DEBUG] cheese - null
[2022-03-10T18:46:42.571] [DEBUG] cheese - null
[2022-03-10T18:47:02.853] [DEBUG] cheese - null
[2022-03-10T18:47:02.855] [DEBUG] cheese - null
[2022-03-10T18:47:29.743] [DEBUG] cheese - null
[2022-03-10T18:47:29.744] [DEBUG] cheese - null
[2022-03-10T18:47:39.018] [DEBUG] cheese - null
[2022-03-10T18:47:39.019] [DEBUG] cheese - null
[2022-03-10T18:47:42.829] [DEBUG] cheese - null
[2022-03-10T18:47:42.831] [DEBUG] cheese - null
[2022-03-10T18:47:48.873] [DEBUG] cheese - null
[2022-03-10T18:47:48.876] [DEBUG] cheese - null
[2022-03-10T18:47:57.386] [DEBUG] cheese - null
[2022-03-10T18:47:57.389] [DEBUG] cheese - null
[2022-03-10T18:47:57.407] [DEBUG] cheese - null
[2022-03-10T18:47:57.410] [DEBUG] cheese - null
[2022-03-10T18:48:02.768] [DEBUG] cheese - null
[2022-03-10T18:48:02.771] [DEBUG] cheese - null
[2022-03-10T18:48:02.788] [DEBUG] cheese - null
[2022-03-10T18:48:02.790] [DEBUG] cheese - null
[2022-03-10T18:52:48.227] [DEBUG] cheese - null
[2022-03-10T18:52:48.229] [DEBUG] cheese - null
[2022-03-10T18:54:08.271] [DEBUG] cheese - null
[2022-03-10T18:54:08.272] [DEBUG] cheese - null
[2022-03-10T18:55:38.274] [DEBUG] cheese - null
[2022-03-10T18:55:38.276] [DEBUG] cheese - null
[2022-03-10T18:56:20.607] [DEBUG] cheese - null
[2022-03-10T18:56:20.610] [DEBUG] cheese - null
[2022-03-10T18:57:14.419] [DEBUG] cheese - null
[2022-03-10T18:57:14.420] [DEBUG] cheese - null
[2022-03-10T18:57:24.040] [DEBUG] cheese - null
[2022-03-10T18:57:24.044] [DEBUG] cheese - null
[2022-03-10T18:58:03.527] [DEBUG] cheese - null
[2022-03-10T18:58:03.529] [DEBUG] cheese - null
[2022-03-10T18:58:22.594] [DEBUG] cheese - null
[2022-03-10T18:58:22.595] [DEBUG] cheese - null
[2022-03-10T18:58:36.581] [DEBUG] cheese - null
[2022-03-10T18:58:36.584] [DEBUG] cheese - null
[2022-03-10T18:58:47.084] [DEBUG] cheese - null
[2022-03-10T18:58:47.087] [DEBUG] cheese - null
[2022-03-10T18:58:47.103] [DEBUG] cheese - null
[2022-03-10T18:58:47.105] [DEBUG] cheese - null
[2022-03-10T18:59:12.233] [DEBUG] cheese - null
[2022-03-10T18:59:12.236] [DEBUG] cheese - null
[2022-03-10T18:59:15.604] [DEBUG] cheese - null
[2022-03-10T18:59:15.606] [DEBUG] cheese - null
[2022-03-10T18:59:15.620] [DEBUG] cheese - null
[2022-03-10T18:59:15.621] [DEBUG] cheese - null
[2022-03-10T18:59:43.671] [DEBUG] cheese - null
[2022-03-10T18:59:43.672] [DEBUG] cheese - null
[2022-03-10T18:59:43.684] [DEBUG] cheese - null
[2022-03-10T18:59:43.685] [DEBUG] cheese - null
[2022-03-10T19:00:35.677] [DEBUG] cheese - null
[2022-03-10T19:00:35.679] [DEBUG] cheese - null
[2022-03-10T19:00:41.422] [DEBUG] cheese - null
[2022-03-10T19:00:41.424] [DEBUG] cheese - null
[2022-03-10T19:00:54.898] [DEBUG] cheese - null
[2022-03-10T19:00:54.901] [DEBUG] cheese - null
[2022-03-10T19:01:14.167] [DEBUG] cheese - null
[2022-03-10T19:01:14.171] [DEBUG] cheese - null
[2022-03-10T19:01:24.588] [DEBUG] cheese - null
[2022-03-10T19:01:24.590] [DEBUG] cheese - null
[2022-03-10T19:01:24.601] [DEBUG] cheese - null
[2022-03-10T19:01:24.603] [DEBUG] cheese - null
[2022-03-10T19:01:51.401] [DEBUG] cheese - null
[2022-03-10T19:01:51.403] [DEBUG] cheese - null
[2022-03-10T19:02:02.020] [DEBUG] cheese - null
[2022-03-10T19:02:02.022] [DEBUG] cheese - null
[2022-03-10T19:02:05.249] [DEBUG] cheese - null
[2022-03-10T19:02:05.251] [DEBUG] cheese - null
[2022-03-10T19:03:00.621] [DEBUG] cheese - null
[2022-03-10T19:03:00.625] [DEBUG] cheese - null
[2022-03-10T19:03:02.518] [DEBUG] cheese - null
[2022-03-10T19:03:02.521] [DEBUG] cheese - null
[2022-03-10T19:03:10.769] [DEBUG] cheese - null
[2022-03-10T19:03:10.771] [DEBUG] cheese - null
[2022-03-10T19:03:14.445] [DEBUG] cheese - null
[2022-03-10T19:03:14.447] [DEBUG] cheese - null
[2022-03-10T19:05:10.917] [DEBUG] cheese - null
[2022-03-10T19:05:10.921] [DEBUG] cheese - null
[2022-03-10T19:05:15.802] [DEBUG] cheese - null
[2022-03-10T19:05:15.804] [DEBUG] cheese - null
[2022-03-10T19:05:23.502] [DEBUG] cheese - null
[2022-03-10T19:05:23.504] [DEBUG] cheese - null
[2022-03-10T19:07:24.716] [DEBUG] cheese - null
[2022-03-10T19:07:24.723] [DEBUG] cheese - null
[2022-03-10T19:07:30.981] [DEBUG] cheese - null
[2022-03-10T19:07:30.985] [DEBUG] cheese - null
[2022-03-10T19:07:36.231] [DEBUG] cheese - null
[2022-03-10T19:07:36.233] [DEBUG] cheese - null
[2022-03-10T19:07:39.734] [DEBUG] cheese - null
[2022-03-10T19:07:39.736] [DEBUG] cheese - null
[2022-03-10T19:07:41.117] [DEBUG] cheese - null
[2022-03-10T19:07:41.119] [DEBUG] cheese - null
[2022-03-10T19:07:42.009] [DEBUG] cheese - null
[2022-03-10T19:07:42.012] [DEBUG] cheese - null
[2022-03-10T19:07:43.171] [DEBUG] cheese - null
[2022-03-10T19:07:43.174] [DEBUG] cheese - null
[2022-03-10T19:07:46.725] [DEBUG] cheese - null
[2022-03-10T19:07:46.727] [DEBUG] cheese - null
[2022-03-10T19:08:56.990] [DEBUG] cheese - login => username:admin,password:123456
[2022-03-10T19:08:56.992] [DEBUG] cheese - admin
[2022-03-10T19:08:57.000] [DEBUG] cheese - null
[2022-03-10T19:08:57.001] [DEBUG] cheese - null
[2022-03-10T19:09:03.431] [DEBUG] cheese - null
[2022-03-10T19:09:03.434] [DEBUG] cheese - null
[2022-03-10T19:09:05.103] [DEBUG] cheese - null
[2022-03-10T19:09:05.106] [DEBUG] cheese - null
[2022-03-10T19:09:08.081] [DEBUG] cheese - null
[2022-03-10T19:09:08.092] [DEBUG] cheese - null
[2022-03-10T19:13:14.715] [DEBUG] cheese - null
[2022-03-10T19:13:14.727] [DEBUG] cheese - null
[2022-03-10T19:13:19.970] [DEBUG] cheese - null
[2022-03-10T19:13:19.982] [DEBUG] cheese - null
[2022-03-10T19:13:23.773] [DEBUG] cheese - null
[2022-03-10T19:13:23.782] [DEBUG] cheese - null
[2022-03-10T19:16:48.794] [DEBUG] cheese - null
[2022-03-10T19:16:48.800] [DEBUG] cheese - null
[2022-03-10T19:16:51.948] [DEBUG] cheese - null
[2022-03-10T19:16:51.950] [DEBUG] cheese - null
[2022-03-10T19:16:52.723] [DEBUG] cheese - null
[2022-03-10T19:16:52.726] [DEBUG] cheese - null
[2022-03-10T19:16:56.189] [DEBUG] cheese - null
[2022-03-10T19:16:56.191] [DEBUG] cheese - null
[2022-03-10T19:17:00.225] [DEBUG] cheese - null
[2022-03-10T19:17:00.228] [DEBUG] cheese - null
[2022-03-10T19:17:55.467] [DEBUG] cheese - null
[2022-03-10T19:17:55.470] [DEBUG] cheese - null
[2022-03-10T19:18:23.971] [DEBUG] cheese - null
[2022-03-10T19:18:23.980] [DEBUG] cheese - null
[2022-03-10T19:18:52.312] [DEBUG] cheese - null
[2022-03-10T19:18:52.321] [DEBUG] cheese - null
[2022-03-10T19:22:27.437] [DEBUG] cheese - null
[2022-03-10T19:22:27.446] [DEBUG] cheese - null
[2022-03-10T19:22:31.105] [DEBUG] cheese - null
[2022-03-10T19:22:31.111] [DEBUG] cheese - null
[2022-03-10T19:25:10.590] [DEBUG] cheese - null
[2022-03-10T19:25:10.595] [DEBUG] cheese - null
[2022-03-10T19:25:19.703] [DEBUG] cheese - null
[2022-03-10T19:25:19.708] [DEBUG] cheese - null
[2022-03-10T19:25:20.817] [DEBUG] cheese - null
[2022-03-10T19:25:20.830] [DEBUG] cheese - null
[2022-03-10T19:25:25.804] [DEBUG] cheese - null
[2022-03-10T19:25:25.808] [DEBUG] cheese - null
[2022-03-10T19:25:33.337] [DEBUG] cheese - null
[2022-03-10T19:25:33.356] [DEBUG] cheese - null
[2022-03-10T19:26:04.194] [DEBUG] cheese - null
[2022-03-10T19:26:04.210] [DEBUG] cheese - null
[2022-03-10T19:26:06.395] [DEBUG] cheese - null
[2022-03-10T19:26:06.406] [DEBUG] cheese - null
[2022-03-10T19:26:06.702] [DEBUG] cheese - null
[2022-03-10T19:26:06.713] [DEBUG] cheese - null
[2022-03-10T19:27:27.821] [DEBUG] cheese - null
[2022-03-10T19:27:27.832] [DEBUG] cheese - null
[2022-03-10T19:27:34.686] [DEBUG] cheese - null
[2022-03-10T19:27:34.690] [DEBUG] cheese - null
[2022-03-10T19:27:41.276] [DEBUG] cheese - null
[2022-03-10T19:27:41.293] [DEBUG] cheese - null
[2022-03-10T19:27:41.975] [DEBUG] cheese - null
[2022-03-10T19:27:41.978] [DEBUG] cheese - null
[2022-03-10T19:27:59.251] [DEBUG] cheese - null
[2022-03-10T19:27:59.253] [DEBUG] cheese - null
[2022-03-10T19:28:11.737] [DEBUG] cheese - null
[2022-03-10T19:28:11.744] [DEBUG] cheese - null
[2022-03-10T19:28:13.983] [DEBUG] cheese - null
[2022-03-10T19:28:13.986] [DEBUG] cheese - null
[2022-03-10T19:28:14.435] [DEBUG] cheese - null
[2022-03-10T19:28:14.438] [DEBUG] cheese - null
[2022-03-10T19:28:32.130] [DEBUG] cheese - null
[2022-03-10T19:28:32.133] [DEBUG] cheese - null
[2022-03-10T19:28:34.056] [DEBUG] cheese - null
[2022-03-10T19:28:34.058] [DEBUG] cheese - null
[2022-03-10T19:28:35.475] [DEBUG] cheese - null
[2022-03-10T19:28:35.477] [DEBUG] cheese - null
[2022-03-10T19:28:35.936] [DEBUG] cheese - null
[2022-03-10T19:28:35.939] [DEBUG] cheese - null
[2022-03-10T19:28:39.758] [DEBUG] cheese - null
[2022-03-10T19:28:39.760] [DEBUG] cheese - null
[2022-03-10T19:28:59.956] [DEBUG] cheese - null
[2022-03-10T19:28:59.960] [DEBUG] cheese - null
[2022-03-10T19:29:10.685] [DEBUG] cheese - null
[2022-03-10T19:29:10.687] [DEBUG] cheese - null
[2022-03-10T19:29:19.654] [DEBUG] cheese - null
[2022-03-10T19:29:19.656] [DEBUG] cheese - null
[2022-03-10T19:29:23.068] [DEBUG] cheese - null
[2022-03-10T19:29:23.073] [DEBUG] cheese - null
[2022-03-10T19:29:26.886] [DEBUG] cheese - null
[2022-03-10T19:29:26.888] [DEBUG] cheese - null
[2022-03-10T19:29:30.131] [DEBUG] cheese - null
[2022-03-10T19:29:30.134] [DEBUG] cheese - null
[2022-03-10T19:29:30.150] [DEBUG] cheese - null
[2022-03-10T19:29:30.151] [DEBUG] cheese - null
[2022-03-10T19:29:58.068] [DEBUG] cheese - null
[2022-03-10T19:29:58.070] [DEBUG] cheese - null
[2022-03-10T20:27:16.996] [DEBUG] cheese - null
[2022-03-10T20:27:16.997] [DEBUG] cheese - null
[2022-03-10T20:27:40.443] [DEBUG] cheese - null
[2022-03-10T20:27:40.444] [DEBUG] cheese - null
[2022-03-10T20:27:43.708] [DEBUG] cheese - null
[2022-03-10T20:27:43.710] [DEBUG] cheese - null
[2022-03-10T20:30:46.450] [DEBUG] cheese - null
[2022-03-10T20:30:46.453] [DEBUG] cheese - null
[2022-03-10T20:31:13.038] [DEBUG] cheese - null
[2022-03-10T20:31:13.040] [DEBUG] cheese - null
[2022-03-10T20:31:19.308] [DEBUG] cheese - null
[2022-03-10T20:31:19.310] [DEBUG] cheese - null
[2022-03-10T20:31:23.175] [DEBUG] cheese - null
[2022-03-10T20:31:23.176] [DEBUG] cheese - null
[2022-03-10T20:31:47.403] [DEBUG] cheese - null
[2022-03-10T20:31:47.407] [DEBUG] cheese - null
[2022-03-10T20:31:50.945] [DEBUG] cheese - null
[2022-03-10T20:31:50.947] [DEBUG] cheese - null
[2022-03-10T20:31:54.091] [DEBUG] cheese - null
[2022-03-10T20:31:54.093] [DEBUG] cheese - null
[2022-03-10T20:31:54.109] [DEBUG] cheese - null
[2022-03-10T20:31:54.111] [DEBUG] cheese - null
[2022-03-10T20:43:52.245] [DEBUG] cheese - null
[2022-03-10T20:43:52.246] [DEBUG] cheese - null
[2022-03-10T20:43:57.909] [DEBUG] cheese - null
[2022-03-10T20:43:57.912] [DEBUG] cheese - null
[2022-03-10T20:44:03.613] [DEBUG] cheese - null
[2022-03-10T20:44:03.615] [DEBUG] cheese - null
[2022-03-10T20:44:05.354] [DEBUG] cheese - null
[2022-03-10T20:44:05.356] [DEBUG] cheese - null
[2022-03-10T20:44:05.949] [DEBUG] cheese - null
[2022-03-10T20:44:05.952] [DEBUG] cheese - null
[2022-03-10T20:44:07.395] [DEBUG] cheese - null
[2022-03-10T20:44:07.396] [DEBUG] cheese - null
[2022-03-10T20:44:09.629] [DEBUG] cheese - null
[2022-03-10T20:44:09.631] [DEBUG] cheese - null
[2022-03-10T20:44:10.294] [DEBUG] cheese - null
[2022-03-10T20:44:10.296] [DEBUG] cheese - null
[2022-03-10T20:44:10.881] [DEBUG] cheese - null
[2022-03-10T20:44:10.882] [DEBUG] cheese - null
[2022-03-10T20:44:17.635] [DEBUG] cheese - null
[2022-03-10T20:44:17.639] [DEBUG] cheese - null
[2022-03-10T20:44:19.335] [DEBUG] cheese - null
[2022-03-10T20:44:19.336] [DEBUG] cheese - null
[2022-03-10T20:44:20.410] [DEBUG] cheese - null
[2022-03-10T20:44:20.412] [DEBUG] cheese - null
[2022-03-10T20:44:21.917] [DEBUG] cheese - null
[2022-03-10T20:44:21.918] [DEBUG] cheese - null
[2022-03-10T20:44:22.418] [DEBUG] cheese - null
[2022-03-10T20:44:22.420] [DEBUG] cheese - null
[2022-03-10T20:44:23.457] [DEBUG] cheese - null
[2022-03-10T20:44:23.460] [DEBUG] cheese - null
[2022-03-10T20:48:34.603] [DEBUG] cheese - null
[2022-03-10T20:48:34.604] [DEBUG] cheese - null
[2022-03-10T20:48:43.559] [DEBUG] cheese - null
[2022-03-10T20:48:43.561] [DEBUG] cheese - null
[2022-03-10T20:48:45.054] [DEBUG] cheese - null
[2022-03-10T20:48:45.055] [DEBUG] cheese - null
[2022-03-10T20:48:46.452] [DEBUG] cheese - null
[2022-03-10T20:48:46.453] [DEBUG] cheese - null
[2022-03-10T20:48:46.843] [DEBUG] cheese - null
[2022-03-10T20:48:46.845] [DEBUG] cheese - null
[2022-03-10T20:50:08.906] [DEBUG] cheese - login => username:admin,password:123456
[2022-03-10T20:50:08.906] [DEBUG] cheese - admin
[2022-03-10T20:50:08.909] [DEBUG] cheese - null
[2022-03-10T20:50:08.909] [DEBUG] cheese - null
[2022-03-10T20:50:10.580] [DEBUG] cheese - null
[2022-03-10T20:50:10.582] [DEBUG] cheese - null
[2022-03-10T20:50:11.934] [DEBUG] cheese - null
[2022-03-10T20:50:11.937] [DEBUG] cheese - null
[2022-03-10T20:50:12.482] [DEBUG] cheese - null
[2022-03-10T20:50:12.484] [DEBUG] cheese - null
[2022-03-10T20:50:13.132] [DEBUG] cheese - null
[2022-03-10T20:50:13.134] [DEBUG] cheese - null
[2022-03-10T20:50:18.362] [DEBUG] cheese - null
[2022-03-10T20:50:18.364] [DEBUG] cheese - null
[2022-03-10T20:51:22.203] [DEBUG] cheese - null
[2022-03-10T20:51:22.205] [DEBUG] cheese - null
[2022-03-10T20:51:31.853] [DEBUG] cheese - null
[2022-03-10T20:51:31.858] [DEBUG] cheese - null
[2022-03-10T20:51:38.509] [DEBUG] cheese - null
[2022-03-10T20:51:38.511] [DEBUG] cheese - null
[2022-03-10T20:51:41.748] [DEBUG] cheese - null
[2022-03-10T20:51:41.750] [DEBUG] cheese - null
[2022-03-10T20:51:42.712] [DEBUG] cheese - null
[2022-03-10T20:51:42.715] [DEBUG] cheese - null
[2022-03-10T20:51:43.407] [DEBUG] cheese - null
[2022-03-10T20:51:43.409] [DEBUG] cheese - null
[2022-03-10T20:51:45.792] [DEBUG] cheese - null
[2022-03-10T20:51:45.795] [DEBUG] cheese - null
[2022-03-10T20:51:49.200] [DEBUG] cheese - null
[2022-03-10T20:51:49.202] [DEBUG] cheese - null
[2022-03-10T20:51:49.223] [DEBUG] cheese - null
[2022-03-10T20:51:49.225] [DEBUG] cheese - null
[2022-03-10T20:59:41.845] [DEBUG] cheese - null
[2022-03-10T20:59:41.846] [DEBUG] cheese - null
[2022-03-10T21:00:14.885] [DEBUG] cheese - null
[2022-03-10T21:00:14.886] [DEBUG] cheese - null
[2022-03-10T21:01:15.773] [DEBUG] cheese - null
[2022-03-10T21:01:15.777] [DEBUG] cheese - null
[2022-03-10T21:01:22.626] [DEBUG] cheese - null
[2022-03-10T21:01:22.628] [DEBUG] cheese - null
[2022-03-10T21:02:00.341] [DEBUG] cheese - null
[2022-03-10T21:02:00.343] [DEBUG] cheese - null
[2022-03-10T21:02:25.566] [DEBUG] cheese - null
[2022-03-10T21:02:25.568] [DEBUG] cheese - null
[2022-03-10T21:02:43.297] [DEBUG] cheese - null
[2022-03-10T21:02:43.298] [DEBUG] cheese - null
[2022-03-10T21:02:44.140] [DEBUG] cheese - null
[2022-03-10T21:02:44.144] [DEBUG] cheese - null
[2022-03-10T21:02:48.980] [DEBUG] cheese - null
[2022-03-10T21:02:48.981] [DEBUG] cheese - null
[2022-03-10T21:21:13.015] [DEBUG] cheese - null
[2022-03-10T21:21:49.223] [DEBUG] cheese - null
[2022-03-10T21:22:57.497] [DEBUG] cheese - null
[2022-03-10T21:23:00.609] [DEBUG] cheese - null
[2022-03-10T21:23:03.852] [DEBUG] cheese - null
[2022-03-10T21:23:19.093] [DEBUG] cheese - null
[2022-03-10T21:29:34.458] [DEBUG] cheese - null
[2022-03-10T21:45:21.348] [DEBUG] cheese - null
[2022-03-10T21:54:36.462] [DEBUG] cheese - null
[2022-03-10T21:54:41.035] [DEBUG] cheese - null
[2022-03-10T21:54:44.953] [DEBUG] cheese - null
[2022-03-10T21:54:48.873] [DEBUG] cheese - null
[2022-03-10T21:54:51.521] [DEBUG] cheese - null
[2022-03-10T21:54:55.047] [DEBUG] cheese - null
[2022-03-10T21:54:58.354] [DEBUG] cheese - null
[2022-03-10T21:55:01.862] [DEBUG] cheese - null
[2022-03-10T21:55:06.100] [DEBUG] cheese - null
[2022-03-10T21:55:11.654] [DEBUG] cheese - null
[2022-03-10T21:55:15.709] [DEBUG] cheese - null
[2022-03-10T21:55:19.453] [DEBUG] cheese - null
[2022-03-10T21:56:26.025] [DEBUG] cheese - null
[2022-03-10T21:56:26.903] [DEBUG] cheese - null
[2022-03-10T21:56:27.605] [DEBUG] cheese - null
[2022-03-10T21:56:32.412] [DEBUG] cheese - null
[2022-03-10T21:57:03.210] [DEBUG] cheese - null
[2022-03-10T21:57:06.153] [DEBUG] cheese - null
[2022-03-10T21:57:22.748] [DEBUG] cheese - null
[2022-03-10T21:57:24.308] [DEBUG] cheese - null
[2022-03-10T21:57:34.747] [DEBUG] cheese - null
[2022-03-10T21:57:41.230] [DEBUG] cheese - null
[2022-03-10T21:57:47.490] [DEBUG] cheese - null
[2022-03-10T21:57:55.991] [DEBUG] cheese - null
[2022-03-10T21:57:58.032] [DEBUG] cheese - null
[2022-03-10T21:58:23.693] [DEBUG] cheese - null
[2022-03-10T22:00:59.545] [DEBUG] cheese - null
[2022-03-10T22:01:13.165] [DEBUG] cheese - null
[2022-03-10T22:01:13.167] [DEBUG] cheese - null
[2022-03-10T22:01:20.099] [DEBUG] cheese - null
[2022-03-10T22:01:20.102] [DEBUG] cheese - null
[2022-03-10T22:01:55.747] [DEBUG] cheese - null
[2022-03-10T22:03:53.869] [DEBUG] cheese - null
[2022-03-10T22:03:53.879] [DEBUG] cheese - null
[2022-03-10T22:04:01.333] [DEBUG] cheese - null
[2022-03-10T22:04:01.334] [DEBUG] cheese - null
[2022-03-11T09:13:26.407] [DEBUG] cheese - null
[2022-03-11T09:20:54.267] [DEBUG] cheese - null
[2022-03-11T09:20:54.279] [DEBUG] cheese - null
[2022-03-11T09:20:55.865] [DEBUG] cheese - null
[2022-03-11T09:20:55.867] [DEBUG] cheese - null
[2022-03-11T09:20:57.176] [DEBUG] cheese - null
[2022-03-11T09:21:20.125] [DEBUG] cheese - null
[2022-03-11T09:22:17.828] [DEBUG] cheese - null
[2022-03-11T09:24:57.993] [DEBUG] cheese - null
[2022-03-11T09:30:21.139] [DEBUG] cheese - null
[2022-03-11T09:30:23.913] [DEBUG] cheese - null
[2022-03-11T09:30:23.916] [DEBUG] cheese - null
[2022-03-11T09:30:25.793] [DEBUG] cheese - null
[2022-03-11T09:30:45.360] [DEBUG] cheese - null
[2022-03-11T09:30:49.591] [DEBUG] cheese - null
[2022-03-11T09:30:52.102] [DEBUG] cheese - null
[2022-03-11T09:30:52.104] [DEBUG] cheese - null
[2022-03-11T09:30:52.743] [DEBUG] cheese - null
[2022-03-11T09:30:52.746] [DEBUG] cheese - null
[2022-03-11T09:30:54.065] [DEBUG] cheese - null
[2022-03-11T09:31:48.851] [DEBUG] cheese - null
[2022-03-11T09:33:16.779] [DEBUG] cheese - null
[2022-03-11T09:33:32.548] [DEBUG] cheese - null
[2022-03-11T09:33:40.573] [DEBUG] cheese - null
[2022-03-11T09:38:33.162] [DEBUG] cheese - null
[2022-03-11T09:39:28.104] [DEBUG] cheese - null
[2022-03-11T09:39:46.907] [DEBUG] cheese - null
[2022-03-11T09:40:15.699] [DEBUG] cheese - null
[2022-03-11T09:40:26.983] [DEBUG] cheese - null
[2022-03-11T09:40:37.605] [DEBUG] cheese - null
[2022-03-11T09:44:19.011] [DEBUG] cheese - null
[2022-03-11T09:44:50.483] [DEBUG] cheese - null
[2022-03-11T09:45:38.879] [DEBUG] cheese - null
[2022-03-11T09:45:48.520] [DEBUG] cheese - null
[2022-03-11T09:46:45.714] [DEBUG] cheese - null
[2022-03-11T09:47:32.704] [DEBUG] cheese - null
[2022-03-11T09:47:40.069] [DEBUG] cheese - null
[2022-03-11T09:48:13.915] [DEBUG] cheese - null
[2022-03-11T09:48:16.025] [DEBUG] cheese - null
[2022-03-11T09:48:36.095] [DEBUG] cheese - null
[2022-03-11T09:49:45.312] [DEBUG] cheese - null
[2022-03-11T09:50:12.557] [DEBUG] cheese - null
[2022-03-11T09:50:14.743] [DEBUG] cheese - null
[2022-03-11T09:51:42.950] [DEBUG] cheese - null
[2022-03-11T09:52:16.422] [DEBUG] cheese - null
[2022-03-11T09:55:19.959] [DEBUG] cheese - null
[2022-03-11T09:56:17.290] [DEBUG] cheese - null
[2022-03-11T09:56:49.963] [DEBUG] cheese - null
[2022-03-11T09:56:54.577] [DEBUG] cheese - null
[2022-03-11T09:57:10.062] [DEBUG] cheese - null
[2022-03-11T09:58:17.541] [DEBUG] cheese - null
[2022-03-11T09:58:29.289] [DEBUG] cheese - null
[2022-03-11T09:58:44.624] [DEBUG] cheese - null
[2022-03-11T10:00:41.934] [DEBUG] cheese - null
[2022-03-11T10:01:33.344] [DEBUG] cheese - null
[2022-03-11T10:03:24.414] [DEBUG] cheese - null
[2022-03-11T10:03:36.893] [DEBUG] cheese - null
[2022-03-11T10:03:40.521] [DEBUG] cheese - null
[2022-03-11T10:03:54.969] [DEBUG] cheese - null
[2022-03-11T10:04:11.192] [DEBUG] cheese - null
[2022-03-11T10:04:39.338] [DEBUG] cheese - null
[2022-03-11T10:04:53.618] [DEBUG] cheese - null
[2022-03-11T10:05:09.514] [DEBUG] cheese - null
[2022-03-11T10:05:09.520] [DEBUG] cheese - null
[2022-03-11T10:05:10.245] [DEBUG] cheese - null
[2022-03-11T10:05:10.248] [DEBUG] cheese - null
[2022-03-11T10:05:10.893] [DEBUG] cheese - null
[2022-03-11T10:05:10.895] [DEBUG] cheese - null
[2022-03-11T10:05:11.295] [DEBUG] cheese - null
[2022-03-11T10:05:11.296] [DEBUG] cheese - null
[2022-03-11T10:07:02.989] [DEBUG] cheese - null
[2022-03-11T10:07:02.990] [DEBUG] cheese - null
[2022-03-11T10:09:22.635] [DEBUG] cheese - null
[2022-03-11T10:09:22.637] [DEBUG] cheese - null
[2022-03-11T10:12:01.111] [DEBUG] cheese - null
[2022-03-11T10:12:01.113] [DEBUG] cheese - null
[2022-03-11T10:12:42.957] [DEBUG] cheese - null
[2022-03-11T10:12:42.960] [DEBUG] cheese - null
[2022-03-11T10:13:06.794] [DEBUG] cheese - null
[2022-03-11T10:13:06.796] [DEBUG] cheese - null
[2022-03-11T10:13:34.606] [DEBUG] cheese - null
[2022-03-11T10:13:34.608] [DEBUG] cheese - null
[2022-03-11T10:13:35.619] [DEBUG] cheese - null
[2022-03-11T10:13:38.509] [DEBUG] cheese - null
[2022-03-11T10:13:42.232] [DEBUG] cheese - null
[2022-03-11T10:13:45.894] [DEBUG] cheese - null
[2022-03-11T10:15:04.244] [DEBUG] cheese - null
[2022-03-11T10:15:54.601] [DEBUG] cheese - null
[2022-03-11T10:16:17.280] [DEBUG] cheese - null
[2022-03-11T10:16:17.282] [DEBUG] cheese - null
[2022-03-11T10:17:53.187] [DEBUG] cheese - null
[2022-03-11T10:17:53.190] [DEBUG] cheese - null
[2022-03-11T10:17:54.364] [DEBUG] cheese - null
[2022-03-11T10:17:54.366] [DEBUG] cheese - null
[2022-03-11T10:17:56.036] [DEBUG] cheese - null
[2022-03-11T10:17:56.038] [DEBUG] cheese - null
[2022-03-11T10:19:19.996] [DEBUG] cheese - null
[2022-03-11T10:19:19.998] [DEBUG] cheese - null
[2022-03-11T10:19:33.585] [DEBUG] cheese - null
[2022-03-11T10:19:33.588] [DEBUG] cheese - null
[2022-03-11T10:35:13.782] [DEBUG] cheese - null
[2022-03-11T10:35:13.785] [DEBUG] cheese - null
[2022-03-11T10:35:26.831] [DEBUG] cheese - null
[2022-03-11T10:35:26.833] [DEBUG] cheese - null
[2022-03-11T10:37:46.242] [DEBUG] cheese - null
[2022-03-11T10:37:46.246] [DEBUG] cheese - null
[2022-03-11T10:37:49.078] [DEBUG] cheese - null
[2022-03-11T10:37:49.080] [DEBUG] cheese - null
[2022-03-11T10:39:50.779] [DEBUG] cheese - null
[2022-03-11T10:39:50.782] [DEBUG] cheese - null
[2022-03-11T10:40:21.962] [DEBUG] cheese - null
[2022-03-11T10:40:21.963] [DEBUG] cheese - null
[2022-03-11T10:41:59.827] [DEBUG] cheese - null
[2022-03-11T10:41:59.828] [DEBUG] cheese - null
[2022-03-11T10:42:02.026] [DEBUG] cheese - null
[2022-03-11T10:42:02.027] [DEBUG] cheese - null
[2022-03-11T10:45:47.711] [DEBUG] cheese - null
[2022-03-11T10:45:47.714] [DEBUG] cheese - null
[2022-03-11T10:46:13.395] [DEBUG] cheese - null
[2022-03-11T10:46:13.397] [DEBUG] cheese - null
[2022-03-11T10:46:15.241] [DEBUG] cheese - null
[2022-03-11T10:46:15.242] [DEBUG] cheese - null
[2022-03-11T10:46:54.563] [DEBUG] cheese - null
[2022-03-11T10:46:54.565] [DEBUG] cheese - null
[2022-03-11T10:49:14.830] [DEBUG] cheese - null
[2022-03-11T10:49:14.832] [DEBUG] cheese - null
[2022-03-11T10:49:18.946] [DEBUG] cheese - null
[2022-03-11T10:49:18.948] [DEBUG] cheese - null
[2022-03-11T10:50:24.033] [DEBUG] cheese - null
[2022-03-11T10:50:24.036] [DEBUG] cheese - null
[2022-03-11T10:50:31.554] [DEBUG] cheese - null
[2022-03-11T10:50:31.556] [DEBUG] cheese - null
[2022-03-11T10:50:36.362] [DEBUG] cheese - null
[2022-03-11T10:50:36.364] [DEBUG] cheese - null
[2022-03-11T10:50:42.218] [DEBUG] cheese - null
[2022-03-11T10:50:42.220] [DEBUG] cheese - null
[2022-03-11T10:50:54.399] [DEBUG] cheese - null
[2022-03-11T10:50:54.401] [DEBUG] cheese - null
[2022-03-11T10:50:58.457] [DEBUG] cheese - null
[2022-03-11T10:50:58.460] [DEBUG] cheese - null
[2022-03-11T10:53:50.952] [DEBUG] cheese - null
[2022-03-11T10:53:50.956] [DEBUG] cheese - null
[2022-03-11T10:54:01.522] [DEBUG] cheese - null
[2022-03-11T10:54:01.525] [DEBUG] cheese - null
[2022-03-11T10:54:05.033] [DEBUG] cheese - null
[2022-03-11T10:54:05.034] [DEBUG] cheese - null
[2022-03-11T10:54:05.981] [DEBUG] cheese - null
[2022-03-11T10:54:05.982] [DEBUG] cheese - null
[2022-03-11T10:54:06.734] [DEBUG] cheese - null
[2022-03-11T10:54:06.737] [DEBUG] cheese - null
[2022-03-11T10:54:07.721] [DEBUG] cheese - null
[2022-03-11T10:54:07.724] [DEBUG] cheese - null
[2022-03-11T10:54:08.327] [DEBUG] cheese - null
[2022-03-11T10:54:08.329] [DEBUG] cheese - null
[2022-03-11T10:54:09.140] [DEBUG] cheese - null
[2022-03-11T10:54:09.142] [DEBUG] cheese - null
[2022-03-11T10:54:10.012] [DEBUG] cheese - null
[2022-03-11T10:54:10.013] [DEBUG] cheese - null
[2022-03-11T10:54:11.392] [DEBUG] cheese - null
[2022-03-11T10:54:11.395] [DEBUG] cheese - null
[2022-03-11T10:54:13.206] [DEBUG] cheese - null
[2022-03-11T10:54:13.209] [DEBUG] cheese - null
[2022-03-11T10:56:02.247] [DEBUG] cheese - null
[2022-03-11T10:56:02.248] [DEBUG] cheese - null
[2022-03-11T10:56:06.719] [DEBUG] cheese - null
[2022-03-11T10:56:06.721] [DEBUG] cheese - null
[2022-03-11T10:56:40.496] [DEBUG] cheese - null
[2022-03-11T10:56:40.497] [DEBUG] cheese - null
[2022-03-11T10:56:45.335] [DEBUG] cheese - null
[2022-03-11T10:56:45.337] [DEBUG] cheese - null
[2022-03-11T10:56:56.094] [DEBUG] cheese - null
[2022-03-11T10:56:56.096] [DEBUG] cheese - null
[2022-03-11T10:56:58.812] [DEBUG] cheese - null
[2022-03-11T10:56:58.815] [DEBUG] cheese - null
[2022-03-11T10:57:15.790] [DEBUG] cheese - null
[2022-03-11T10:57:15.793] [DEBUG] cheese - null
[2022-03-11T10:57:17.791] [DEBUG] cheese - null
[2022-03-11T10:57:17.794] [DEBUG] cheese - null
[2022-03-11T10:59:09.888] [DEBUG] cheese - null
[2022-03-11T10:59:09.889] [DEBUG] cheese - null
[2022-03-11T10:59:16.525] [DEBUG] cheese - null
[2022-03-11T10:59:16.527] [DEBUG] cheese - null
[2022-03-11T10:59:37.380] [DEBUG] cheese - null
[2022-03-11T10:59:37.382] [DEBUG] cheese - null
[2022-03-11T11:00:14.725] [DEBUG] cheese - null
[2022-03-11T11:00:14.726] [DEBUG] cheese - null
[2022-03-11T11:00:16.862] [DEBUG] cheese - null
[2022-03-11T11:00:16.865] [DEBUG] cheese - null
[2022-03-11T11:00:19.602] [DEBUG] cheese - null
[2022-03-11T11:00:19.604] [DEBUG] cheese - null
[2022-03-11T11:01:55.732] [DEBUG] cheese - null
[2022-03-11T11:01:55.734] [DEBUG] cheese - null
[2022-03-11T11:01:58.196] [DEBUG] cheese - null
[2022-03-11T11:01:58.198] [DEBUG] cheese - null
[2022-03-11T11:02:03.100] [DEBUG] cheese - null
[2022-03-11T11:02:03.102] [DEBUG] cheese - null
[2022-03-11T11:02:12.220] [DEBUG] cheese - null
[2022-03-11T11:02:12.222] [DEBUG] cheese - null
[2022-03-11T11:02:17.114] [DEBUG] cheese - null
[2022-03-11T11:02:17.116] [DEBUG] cheese - null
[2022-03-11T11:02:20.088] [DEBUG] cheese - null
[2022-03-11T11:02:20.090] [DEBUG] cheese - null
[2022-03-11T11:02:31.775] [DEBUG] cheese - null
[2022-03-11T11:02:31.778] [DEBUG] cheese - null
[2022-03-11T11:02:36.532] [DEBUG] cheese - null
[2022-03-11T11:02:36.535] [DEBUG] cheese - null
[2022-03-11T11:02:37.584] [DEBUG] cheese - null
[2022-03-11T11:02:37.585] [DEBUG] cheese - null
[2022-03-11T11:03:01.874] [DEBUG] cheese - null
[2022-03-11T11:03:01.876] [DEBUG] cheese - null
[2022-03-11T11:03:05.585] [DEBUG] cheese - null
[2022-03-11T11:03:05.588] [DEBUG] cheese - null
[2022-03-11T11:03:11.352] [DEBUG] cheese - null
[2022-03-11T11:03:11.354] [DEBUG] cheese - null
[2022-03-11T11:03:24.721] [DEBUG] cheese - null
[2022-03-11T11:03:24.724] [DEBUG] cheese - null
[2022-03-11T11:03:29.036] [DEBUG] cheese - null
[2022-03-11T11:03:29.039] [DEBUG] cheese - null
[2022-03-11T11:03:37.706] [DEBUG] cheese - null
[2022-03-11T11:03:37.708] [DEBUG] cheese - null
[2022-03-11T11:04:13.709] [DEBUG] cheese - null
[2022-03-11T11:04:13.711] [DEBUG] cheese - null
[2022-03-11T11:04:17.741] [DEBUG] cheese - null
[2022-03-11T11:04:17.744] [DEBUG] cheese - null
[2022-03-11T11:04:22.681] [DEBUG] cheese - null
[2022-03-11T11:04:22.683] [DEBUG] cheese - null
[2022-03-11T11:04:32.346] [DEBUG] cheese - null
[2022-03-11T11:04:32.347] [DEBUG] cheese - null
[2022-03-11T11:06:21.537] [DEBUG] cheese - null
[2022-03-11T11:06:21.539] [DEBUG] cheese - null
[2022-03-11T11:22:50.501] [DEBUG] cheese - login => username:admin,password:123456
[2022-03-11T11:22:50.501] [DEBUG] cheese - admin
[2022-03-11T11:22:50.506] [DEBUG] cheese - null
[2022-03-11T11:22:50.506] [DEBUG] cheese - null
[2022-03-11T11:22:54.948] [DEBUG] cheese - null
[2022-03-11T11:22:54.950] [DEBUG] cheese - null
[2022-03-11T11:22:59.163] [DEBUG] cheese - null
[2022-03-11T11:22:59.164] [DEBUG] cheese - null
[2022-03-11T11:23:58.806] [DEBUG] cheese - null
[2022-03-11T11:23:58.808] [DEBUG] cheese - null
[2022-03-11T11:25:05.560] [DEBUG] cheese - null
[2022-03-11T11:25:05.562] [DEBUG] cheese - null
[2022-03-11T11:25:40.261] [DEBUG] cheese - null
[2022-03-11T11:25:40.265] [DEBUG] cheese - null
[2022-03-11T11:25:43.557] [DEBUG] cheese - null
[2022-03-11T11:25:43.559] [DEBUG] cheese - null
[2022-03-11T11:26:12.396] [DEBUG] cheese - null
[2022-03-11T11:26:12.398] [DEBUG] cheese - null
[2022-03-11T11:26:24.150] [DEBUG] cheese - null
[2022-03-11T11:26:24.152] [DEBUG] cheese - null
[2022-03-11T11:26:26.592] [DEBUG] cheese - null
[2022-03-11T11:26:26.593] [DEBUG] cheese - null
[2022-03-11T11:26:31.050] [DEBUG] cheese - null
[2022-03-11T11:26:31.053] [DEBUG] cheese - null
[2022-03-11T11:27:54.480] [DEBUG] cheese - null
[2022-03-11T11:27:54.482] [DEBUG] cheese - null
[2022-03-11T11:28:15.319] [DEBUG] cheese - null
[2022-03-11T11:28:15.320] [DEBUG] cheese - null
[2022-03-11T11:28:26.167] [DEBUG] cheese - null
[2022-03-11T11:28:26.170] [DEBUG] cheese - null
[2022-03-11T11:28:32.708] [DEBUG] cheese - null
[2022-03-11T11:28:32.710] [DEBUG] cheese - null
[2022-03-11T11:29:04.928] [DEBUG] cheese - null
[2022-03-11T11:29:04.931] [DEBUG] cheese - null
[2022-03-11T11:29:30.628] [DEBUG] cheese - null
[2022-03-11T11:29:30.629] [DEBUG] cheese - null
[2022-03-11T11:59:08.590] [DEBUG] cheese - null
[2022-03-11T11:59:08.594] [DEBUG] cheese - null
[2022-03-11T12:00:36.034] [DEBUG] cheese - null
[2022-03-11T12:00:36.035] [DEBUG] cheese - null
[2022-03-11T12:00:36.738] [DEBUG] cheese - null
[2022-03-11T12:00:36.739] [DEBUG] cheese - null
[2022-03-11T12:00:36.897] [DEBUG] cheese - null
[2022-03-11T12:00:36.899] [DEBUG] cheese - null
[2022-03-11T12:01:44.589] [DEBUG] cheese - null
[2022-03-11T12:01:44.591] [DEBUG] cheese - null
[2022-03-11T12:04:41.910] [DEBUG] cheese - null
[2022-03-11T12:04:41.913] [DEBUG] cheese - null
[2022-03-11T12:04:43.914] [DEBUG] cheese - null
[2022-03-11T12:04:43.915] [DEBUG] cheese - null
[2022-03-11T12:04:45.963] [DEBUG] cheese - null
[2022-03-11T12:04:45.964] [DEBUG] cheese - null
[2022-03-11T12:04:47.672] [DEBUG] cheese - null
[2022-03-11T12:04:47.673] [DEBUG] cheese - null
[2022-03-11T12:04:50.169] [DEBUG] cheese - null
[2022-03-11T12:04:50.172] [DEBUG] cheese - null
[2022-03-11T12:04:51.116] [DEBUG] cheese - null
[2022-03-11T12:04:51.121] [DEBUG] cheese - null
[2022-03-11T12:04:54.795] [DEBUG] cheese - null
[2022-03-11T12:04:54.796] [DEBUG] cheese - null
[2022-03-11T12:07:14.590] [DEBUG] cheese - null
[2022-03-11T12:07:14.592] [DEBUG] cheese - null
[2022-03-11T12:07:18.725] [DEBUG] cheese - null
[2022-03-11T12:07:18.726] [DEBUG] cheese - null
[2022-03-11T12:07:57.458] [DEBUG] cheese - null
[2022-03-11T12:07:57.460] [DEBUG] cheese - null
[2022-03-11T12:07:58.200] [DEBUG] cheese - null
[2022-03-11T12:07:58.201] [DEBUG] cheese - null
[2022-03-11T12:12:37.251] [DEBUG] cheese - null
[2022-03-11T12:12:37.255] [DEBUG] cheese - null
[2022-03-11T12:12:40.438] [DEBUG] cheese - null
[2022-03-11T12:12:40.440] [DEBUG] cheese - null
[2022-03-11T12:12:41.362] [DEBUG] cheese - null
[2022-03-11T12:12:41.365] [DEBUG] cheese - null
[2022-03-11T12:12:43.334] [DEBUG] cheese - null
[2022-03-11T12:12:43.335] [DEBUG] cheese - null
[2022-03-11T12:12:44.025] [DEBUG] cheese - null
[2022-03-11T12:12:44.027] [DEBUG] cheese - null
[2022-03-11T12:30:11.566] [DEBUG] cheese - null
[2022-03-11T12:30:11.568] [DEBUG] cheese - null
[2022-03-11T12:30:19.923] [DEBUG] cheese - null
[2022-03-11T12:30:19.925] [DEBUG] cheese - null
[2022-03-11T12:30:19.926] [DEBUG] cheese - null
[2022-03-11T12:30:19.927] [DEBUG] cheese - null
[2022-03-11T12:30:41.982] [DEBUG] cheese - null
[2022-03-11T12:30:41.983] [DEBUG] cheese - null
[2022-03-11T12:30:43.997] [DEBUG] cheese - null
[2022-03-11T12:30:44.000] [DEBUG] cheese - null
[2022-03-11T12:30:44.001] [DEBUG] cheese - null
[2022-03-11T12:30:44.002] [DEBUG] cheese - null
[2022-03-11T12:30:49.730] [DEBUG] cheese - null
[2022-03-11T12:30:49.731] [DEBUG] cheese - null
[2022-03-11T12:30:52.764] [DEBUG] cheese - null
[2022-03-11T12:30:52.766] [DEBUG] cheese - null
[2022-03-11T13:25:34.876] [DEBUG] cheese - null
[2022-03-11T13:25:34.878] [DEBUG] cheese - null
[2022-03-11T13:25:35.702] [DEBUG] cheese - null
[2022-03-11T13:25:35.703] [DEBUG] cheese - null
[2022-03-11T13:25:35.704] [DEBUG] cheese - null
[2022-03-11T13:25:35.705] [DEBUG] cheese - null
[2022-03-11T13:29:26.083] [DEBUG] cheese - null
[2022-03-11T13:29:26.085] [DEBUG] cheese - null
[2022-03-11T15:23:30.180] [DEBUG] cheese - null
[2022-03-11T15:23:30.182] [DEBUG] cheese - null
[2022-03-11T15:23:36.456] [DEBUG] cheese - null
[2022-03-11T15:23:36.459] [DEBUG] cheese - null
[2022-03-11T15:24:13.945] [DEBUG] cheese - null
[2022-03-11T15:24:13.946] [DEBUG] cheese - null
[2022-03-11T15:24:36.509] [DEBUG] cheese - null
[2022-03-11T15:24:36.510] [DEBUG] cheese - null
[2022-03-11T15:27:26.170] [DEBUG] cheese - null
[2022-03-11T15:27:26.173] [DEBUG] cheese - null
[2022-03-11T15:55:14.693] [DEBUG] cheese - null
[2022-03-11T15:55:14.694] [DEBUG] cheese - null
[2022-03-11T15:55:15.600] [DEBUG] cheese - null
[2022-03-11T15:55:15.602] [DEBUG] cheese - null
[2022-03-11T15:56:48.407] [DEBUG] cheese - null
[2022-03-11T15:56:48.408] [DEBUG] cheese - null
[2022-03-11T15:57:22.009] [DEBUG] cheese - null
[2022-03-11T15:57:22.010] [DEBUG] cheese - null
[2022-03-11T15:57:24.969] [DEBUG] cheese - null
[2022-03-11T15:57:24.971] [DEBUG] cheese - null
[2022-03-11T15:58:34.973] [DEBUG] cheese - null
[2022-03-11T15:58:34.975] [DEBUG] cheese - null
[2022-03-11T15:58:44.255] [DEBUG] cheese - null
[2022-03-11T15:58:44.256] [DEBUG] cheese - null
[2022-03-11T15:58:58.439] [DEBUG] cheese - null
[2022-03-11T15:58:58.442] [DEBUG] cheese - null
[2022-03-11T16:24:15.355] [DEBUG] cheese - null
[2022-03-11T16:24:15.358] [DEBUG] cheese - null
[2022-03-11T16:24:20.364] [DEBUG] cheese - null
[2022-03-11T16:24:20.366] [DEBUG] cheese - null
[2022-03-11T16:25:12.248] [DEBUG] cheese - null
[2022-03-11T16:25:12.249] [DEBUG] cheese - null
[2022-03-11T16:26:54.771] [DEBUG] cheese - null
[2022-03-11T16:26:54.774] [DEBUG] cheese - null
[2022-03-11T16:26:57.834] [DEBUG] cheese - null
[2022-03-11T16:26:57.836] [DEBUG] cheese - null
[2022-03-11T16:27:28.195] [DEBUG] cheese - null
[2022-03-11T16:27:28.196] [DEBUG] cheese - null
[2022-03-11T16:27:31.139] [DEBUG] cheese - null
[2022-03-11T16:27:31.140] [DEBUG] cheese - null
[2022-03-11T16:32:33.086] [DEBUG] cheese - null
[2022-03-11T16:32:33.087] [DEBUG] cheese - null
[2022-03-11T16:33:42.349] [DEBUG] cheese - null
[2022-03-11T16:33:42.352] [DEBUG] cheese - null
[2022-03-11T16:33:50.261] [DEBUG] cheese - null
[2022-03-11T16:33:50.266] [DEBUG] cheese - null
[2022-03-11T16:33:53.750] [DEBUG] cheese - null
[2022-03-11T16:33:53.751] [DEBUG] cheese - null
[2022-03-11T16:34:19.814] [DEBUG] cheese - null
[2022-03-11T16:34:19.816] [DEBUG] cheese - null
[2022-03-11T16:34:25.883] [DEBUG] cheese - null
[2022-03-11T16:34:25.884] [DEBUG] cheese - null
[2022-03-11T16:52:28.546] [DEBUG] cheese - null
[2022-03-11T16:52:28.550] [DEBUG] cheese - null
[2022-03-11T16:52:40.310] [DEBUG] cheese - null
[2022-03-11T16:52:40.315] [DEBUG] cheese - null
[2022-03-11T16:52:43.173] [DEBUG] cheese - null
[2022-03-11T16:52:43.176] [DEBUG] cheese - null
[2022-03-11T16:53:35.922] [DEBUG] cheese - null
[2022-03-11T16:53:35.924] [DEBUG] cheese - null
[2022-03-11T16:53:40.615] [DEBUG] cheese - null
[2022-03-11T16:53:40.616] [DEBUG] cheese - null
[2022-03-11T16:53:55.395] [DEBUG] cheese - null
[2022-03-11T16:53:55.397] [DEBUG] cheese - null
[2022-03-11T16:55:00.827] [DEBUG] cheese - null
[2022-03-11T16:55:00.830] [DEBUG] cheese - null
[2022-03-11T16:55:04.762] [DEBUG] cheese - null
[2022-03-11T16:55:04.763] [DEBUG] cheese - null
[2022-03-11T16:57:18.874] [DEBUG] cheese - null
[2022-03-11T16:57:18.876] [DEBUG] cheese - null
[2022-03-11T16:57:22.824] [DEBUG] cheese - null
[2022-03-11T16:57:22.826] [DEBUG] cheese - null
[2022-03-11T16:57:42.826] [DEBUG] cheese - null
[2022-03-11T16:57:42.827] [DEBUG] cheese - null
[2022-03-11T17:03:54.042] [DEBUG] cheese - null
[2022-03-11T17:03:54.045] [DEBUG] cheese - null
[2022-03-11T17:03:59.563] [DEBUG] cheese - null
[2022-03-11T17:03:59.564] [DEBUG] cheese - null
[2022-03-11T17:04:23.131] [DEBUG] cheese - null
[2022-03-11T17:04:23.133] [DEBUG] cheese - null
[2022-03-11T17:04:27.160] [DEBUG] cheese - null
[2022-03-11T17:04:27.161] [DEBUG] cheese - null
[2022-03-11T17:05:28.761] [DEBUG] cheese - null
[2022-03-11T17:05:28.762] [DEBUG] cheese - null
[2022-03-11T17:05:31.326] [DEBUG] cheese - null
[2022-03-11T17:05:31.328] [DEBUG] cheese - null
[2022-03-11T17:05:39.723] [DEBUG] cheese - null
[2022-03-11T17:05:39.724] [DEBUG] cheese - null
[2022-03-11T17:05:51.977] [DEBUG] cheese - null
[2022-03-11T17:05:51.978] [DEBUG] cheese - null
[2022-03-11T17:05:53.957] [DEBUG] cheese - null
[2022-03-11T17:05:53.959] [DEBUG] cheese - null
[2022-03-11T17:06:17.646] [DEBUG] cheese - null
[2022-03-11T17:06:17.647] [DEBUG] cheese - null
[2022-03-11T17:08:36.680] [DEBUG] cheese - null
[2022-03-11T17:08:36.681] [DEBUG] cheese - null
[2022-03-11T17:08:45.917] [DEBUG] cheese - null
[2022-03-11T17:08:45.918] [DEBUG] cheese - null
[2022-03-11T17:08:49.931] [DEBUG] cheese - null
[2022-03-11T17:08:49.932] [DEBUG] cheese - null
[2022-03-11T17:09:00.639] [DEBUG] cheese - null
[2022-03-11T17:09:00.641] [DEBUG] cheese - null
[2022-03-11T17:09:02.345] [DEBUG] cheese - null
[2022-03-11T17:09:02.346] [DEBUG] cheese - null
[2022-03-11T17:09:04.821] [DEBUG] cheese - null
[2022-03-11T17:09:04.822] [DEBUG] cheese - null
[2022-03-11T17:09:06.788] [DEBUG] cheese - null
[2022-03-11T17:09:06.791] [DEBUG] cheese - null
[2022-03-11T17:09:07.971] [DEBUG] cheese - null
[2022-03-11T17:09:07.973] [DEBUG] cheese - null
[2022-03-11T17:09:39.017] [DEBUG] cheese - null
[2022-03-11T17:09:39.019] [DEBUG] cheese - null
[2022-03-11T17:34:37.280] [DEBUG] cheese - null
[2022-03-11T17:34:37.283] [DEBUG] cheese - null
[2022-03-11T17:34:39.874] [DEBUG] cheese - null
[2022-03-11T17:34:39.875] [DEBUG] cheese - null
[2022-03-11T17:34:42.379] [DEBUG] cheese - null
[2022-03-11T17:34:42.380] [DEBUG] cheese - null
[2022-03-11T17:34:47.300] [DEBUG] cheese - null
[2022-03-11T17:34:47.302] [DEBUG] cheese - null
[2022-03-11T17:34:49.193] [DEBUG] cheese - null
[2022-03-11T17:34:49.195] [DEBUG] cheese - null
[2022-03-11T17:34:52.882] [DEBUG] cheese - null
[2022-03-11T17:34:57.326] [DEBUG] cheese - null
[2022-03-11T17:34:57.327] [DEBUG] cheese - null
[2022-03-11T17:35:02.416] [DEBUG] cheese - null
[2022-03-11T17:35:02.417] [DEBUG] cheese - null
[2022-03-11T17:35:03.111] [DEBUG] cheese - null
[2022-03-11T17:35:03.114] [DEBUG] cheese - null
[2022-03-11T17:35:05.486] [DEBUG] cheese - null
[2022-03-11T17:35:05.489] [DEBUG] cheese - null
[2022-03-11T17:35:06.914] [DEBUG] cheese - null
[2022-03-11T17:35:06.916] [DEBUG] cheese - null
[2022-03-11T17:36:10.844] [DEBUG] cheese - null
[2022-03-11T17:36:10.846] [DEBUG] cheese - null
[2022-03-11T17:36:28.272] [DEBUG] cheese - null
[2022-03-11T17:36:28.274] [DEBUG] cheese - null
[2022-03-11T17:37:12.933] [DEBUG] cheese - null
[2022-03-11T17:37:12.934] [DEBUG] cheese - null
[2022-03-11T17:37:26.356] [DEBUG] cheese - null
[2022-03-11T17:37:26.358] [DEBUG] cheese - null
[2022-03-11T17:39:47.069] [DEBUG] cheese - null
[2022-03-11T17:39:47.070] [DEBUG] cheese - null
[2022-03-11T17:39:48.065] [DEBUG] cheese - null
[2022-03-11T17:39:48.067] [DEBUG] cheese - null
[2022-03-11T17:39:50.606] [DEBUG] cheese - null
[2022-03-11T17:39:50.608] [DEBUG] cheese - null
[2022-03-11T17:39:52.181] [DEBUG] cheese - null
[2022-03-11T17:39:52.184] [DEBUG] cheese - null
[2022-03-11T17:39:54.397] [DEBUG] cheese - null
[2022-03-11T17:39:54.414] [DEBUG] cheese - null
[2022-03-11T17:39:58.414] [DEBUG] cheese - null
[2022-03-11T17:39:58.416] [DEBUG] cheese - null
[2022-03-11T17:40:18.576] [DEBUG] cheese - null
[2022-03-11T17:40:18.578] [DEBUG] cheese - null
[2022-03-11T17:40:20.314] [DEBUG] cheese - null
[2022-03-11T17:40:20.315] [DEBUG] cheese - null
[2022-03-11T17:42:08.326] [DEBUG] cheese - null
[2022-03-11T17:42:08.328] [DEBUG] cheese - null
[2022-03-11T17:42:34.316] [DEBUG] cheese - null
[2022-03-11T17:42:34.318] [DEBUG] cheese - null
[2022-03-11T17:44:32.811] [DEBUG] cheese - null
[2022-03-11T17:44:32.813] [DEBUG] cheese - null
[2022-03-11T17:44:44.506] [DEBUG] cheese - null
[2022-03-11T17:44:44.508] [DEBUG] cheese - null
[2022-03-11T17:47:00.678] [DEBUG] cheese - null
[2022-03-11T17:47:00.681] [DEBUG] cheese - null
[2022-03-11T17:47:26.447] [DEBUG] cheese - null
[2022-03-11T17:47:26.448] [DEBUG] cheese - null
[2022-03-11T17:47:31.456] [DEBUG] cheese - null
[2022-03-11T17:47:31.458] [DEBUG] cheese - null
[2022-03-11T17:48:15.170] [DEBUG] cheese - null
[2022-03-11T17:48:15.172] [DEBUG] cheese - null
[2022-03-11T17:48:57.389] [DEBUG] cheese - null
[2022-03-11T17:48:57.390] [DEBUG] cheese - null
[2022-03-11T17:52:12.806] [DEBUG] cheese - null
[2022-03-11T17:52:12.808] [DEBUG] cheese - null
[2022-03-11T17:52:52.064] [DEBUG] cheese - null
[2022-03-11T17:52:52.065] [DEBUG] cheese - null
[2022-03-11T17:53:07.064] [DEBUG] cheese - null
[2022-03-11T17:53:07.065] [DEBUG] cheese - null
[2022-03-11T17:53:08.733] [DEBUG] cheese - null
[2022-03-11T17:53:08.734] [DEBUG] cheese - null
[2022-03-11T17:53:16.848] [DEBUG] cheese - null
[2022-03-11T17:53:16.849] [DEBUG] cheese - null
[2022-03-11T17:53:26.743] [DEBUG] cheese - null
[2022-03-11T17:53:26.744] [DEBUG] cheese - null
[2022-03-11T17:53:36.861] [DEBUG] cheese - null
[2022-03-11T17:53:36.863] [DEBUG] cheese - null
[2022-03-11T17:55:02.082] [DEBUG] cheese - null
[2022-03-11T17:55:02.088] [DEBUG] cheese - null
[2022-03-11T17:55:03.981] [DEBUG] cheese - null
[2022-03-11T17:55:03.982] [DEBUG] cheese - null
[2022-03-11T17:55:10.837] [DEBUG] cheese - null
[2022-03-11T17:55:10.839] [DEBUG] cheese - null
[2022-03-11T17:56:13.256] [DEBUG] cheese - null
[2022-03-11T17:56:13.258] [DEBUG] cheese - null
[2022-03-11T17:56:18.524] [DEBUG] cheese - null
[2022-03-11T17:56:18.526] [DEBUG] cheese - null
[2022-03-11T17:56:25.792] [DEBUG] cheese - null
[2022-03-11T17:56:25.793] [DEBUG] cheese - null
[2022-03-11T17:56:38.985] [DEBUG] cheese - null
[2022-03-11T17:56:38.989] [DEBUG] cheese - null
[2022-03-11T17:56:45.510] [DEBUG] cheese - null
[2022-03-11T17:56:45.511] [DEBUG] cheese - null
[2022-03-11T17:56:50.704] [DEBUG] cheese - null
[2022-03-11T17:56:50.707] [DEBUG] cheese - null
[2022-03-11T17:59:14.699] [DEBUG] cheese - null
[2022-03-11T17:59:14.703] [DEBUG] cheese - null
[2022-03-11T17:59:21.463] [DEBUG] cheese - null
[2022-03-11T17:59:21.464] [DEBUG] cheese - null
[2022-03-11T17:59:30.146] [DEBUG] cheese - null
[2022-03-11T17:59:30.148] [DEBUG] cheese - null
[2022-03-11T18:08:30.971] [DEBUG] cheese - null
[2022-03-11T18:08:30.973] [DEBUG] cheese - null
[2022-03-11T18:08:39.120] [DEBUG] cheese - null
[2022-03-11T18:08:39.122] [DEBUG] cheese - null
[2022-03-11T18:14:04.307] [DEBUG] cheese - null
[2022-03-11T18:14:04.308] [DEBUG] cheese - null
[2022-03-11T18:14:07.467] [DEBUG] cheese - null
[2022-03-11T18:14:07.468] [DEBUG] cheese - null
[2022-03-11T18:14:14.179] [DEBUG] cheese - null
[2022-03-11T18:14:14.182] [DEBUG] cheese - null
[2022-03-11T18:14:29.471] [DEBUG] cheese - null
[2022-03-11T18:14:29.472] [DEBUG] cheese - null
[2022-03-11T18:14:30.243] [DEBUG] cheese - null
[2022-03-11T18:14:30.245] [DEBUG] cheese - null
[2022-03-11T18:14:31.817] [DEBUG] cheese - null
[2022-03-11T18:14:31.818] [DEBUG] cheese - null
[2022-03-11T18:14:43.938] [DEBUG] cheese - null
[2022-03-11T18:14:43.939] [DEBUG] cheese - null
[2022-03-11T18:14:46.206] [DEBUG] cheese - null
[2022-03-11T18:14:46.208] [DEBUG] cheese - null
[2022-03-11T18:14:49.888] [DEBUG] cheese - null
[2022-03-11T18:14:49.889] [DEBUG] cheese - null
[2022-03-11T18:16:20.367] [DEBUG] cheese - null
[2022-03-11T18:16:20.373] [DEBUG] cheese - null
[2022-03-11T18:16:23.385] [DEBUG] cheese - null
[2022-03-11T18:16:23.387] [DEBUG] cheese - null
[2022-03-11T18:16:29.462] [DEBUG] cheese - null
[2022-03-11T18:16:29.465] [DEBUG] cheese - null
[2022-03-11T18:17:14.107] [DEBUG] cheese - null
[2022-03-11T18:17:14.109] [DEBUG] cheese - null
[2022-03-11T18:18:05.390] [DEBUG] cheese - null
[2022-03-11T18:18:05.392] [DEBUG] cheese - null
[2022-03-11T18:18:26.058] [DEBUG] cheese - null
[2022-03-11T18:18:26.060] [DEBUG] cheese - null
[2022-03-11T18:18:31.641] [DEBUG] cheese - null
[2022-03-11T18:18:31.643] [DEBUG] cheese - null
[2022-03-11T18:19:47.578] [DEBUG] cheese - null
[2022-03-11T18:19:47.580] [DEBUG] cheese - null
[2022-03-11T18:20:19.881] [DEBUG] cheese - null
[2022-03-11T18:20:19.883] [DEBUG] cheese - null
[2022-03-11T18:20:22.005] [DEBUG] cheese - null
[2022-03-11T18:20:22.006] [DEBUG] cheese - null
[2022-03-11T18:20:25.440] [DEBUG] cheese - null
[2022-03-11T18:20:25.442] [DEBUG] cheese - null
[2022-03-11T18:20:31.772] [DEBUG] cheese - null
[2022-03-11T18:20:31.775] [DEBUG] cheese - null
[2022-03-11T18:21:06.581] [DEBUG] cheese - null
[2022-03-11T18:21:06.583] [DEBUG] cheese - null
[2022-03-11T18:21:08.798] [DEBUG] cheese - null
[2022-03-11T18:21:08.800] [DEBUG] cheese - null
[2022-03-11T18:21:17.083] [DEBUG] cheese - null
[2022-03-11T18:21:17.086] [DEBUG] cheese - null
[2022-03-11T18:21:17.178] [DEBUG] cheese - null
[2022-03-11T18:21:17.179] [DEBUG] cheese - null
[2022-03-11T19:29:52.050] [DEBUG] cheese - null
[2022-03-11T19:29:52.054] [DEBUG] cheese - null
[2022-03-11T19:34:09.371] [DEBUG] cheese - null
[2022-03-11T19:34:09.374] [DEBUG] cheese - null
[2022-03-11T19:34:21.938] [DEBUG] cheese - null
[2022-03-11T19:34:21.944] [DEBUG] cheese - null
[2022-03-11T19:34:26.529] [DEBUG] cheese - null
[2022-03-11T19:34:26.530] [DEBUG] cheese - null
[2022-03-11T19:36:41.130] [DEBUG] cheese - null
[2022-03-11T19:36:41.133] [DEBUG] cheese - null
[2022-03-11T19:39:33.524] [DEBUG] cheese - null
[2022-03-11T19:39:33.558] [DEBUG] cheese - null
[2022-03-11T20:18:01.738] [DEBUG] cheese - null
[2022-03-11T20:18:01.744] [DEBUG] cheese - null
[2022-03-11T20:18:03.929] [DEBUG] cheese - null
[2022-03-11T20:18:03.931] [DEBUG] cheese - null
[2022-03-11T20:18:04.609] [DEBUG] cheese - null
[2022-03-11T20:18:04.611] [DEBUG] cheese - null
[2022-03-11T20:18:05.030] [DEBUG] cheese - null
[2022-03-11T20:18:05.035] [DEBUG] cheese - null
[2022-03-11T20:18:05.473] [DEBUG] cheese - null
[2022-03-11T20:18:05.476] [DEBUG] cheese - null
[2022-03-11T20:18:06.141] [DEBUG] cheese - null
[2022-03-11T20:18:06.143] [DEBUG] cheese - null
[2022-03-11T20:18:06.554] [DEBUG] cheese - null
[2022-03-11T20:18:06.557] [DEBUG] cheese - null
[2022-03-11T20:18:07.000] [DEBUG] cheese - null
[2022-03-11T20:18:07.003] [DEBUG] cheese - null
[2022-03-11T20:18:07.518] [DEBUG] cheese - null
[2022-03-11T20:18:07.521] [DEBUG] cheese - null
[2022-03-11T20:18:09.032] [DEBUG] cheese - null
[2022-03-11T20:18:09.035] [DEBUG] cheese - null
[2022-03-11T20:18:11.969] [DEBUG] cheese - null
[2022-03-11T20:18:11.970] [DEBUG] cheese - null
[2022-03-11T20:18:14.951] [DEBUG] cheese - null
[2022-03-11T20:18:14.954] [DEBUG] cheese - null
[2022-03-11T20:18:19.648] [DEBUG] cheese - null
[2022-03-11T20:18:19.650] [DEBUG] cheese - null
[2022-03-11T20:18:52.455] [DEBUG] cheese - null
[2022-03-11T20:18:52.457] [DEBUG] cheese - null
[2022-03-11T20:18:53.771] [DEBUG] cheese - null
[2022-03-11T20:18:53.773] [DEBUG] cheese - null
[2022-03-11T20:19:24.450] [DEBUG] cheese - null
[2022-03-11T20:19:24.452] [DEBUG] cheese - null
[2022-03-11T20:19:24.480] [DEBUG] cheese - null
[2022-03-11T20:19:24.482] [DEBUG] cheese - null
[2022-03-11T20:20:00.308] [DEBUG] cheese - null
[2022-03-11T20:20:00.312] [DEBUG] cheese - null
[2022-03-11T20:20:00.430] [DEBUG] cheese - null
[2022-03-11T20:20:00.432] [DEBUG] cheese - null
[2022-03-11T20:20:27.108] [DEBUG] cheese - null
[2022-03-11T20:20:27.110] [DEBUG] cheese - null
[2022-03-11T20:20:27.203] [DEBUG] cheese - null
[2022-03-11T20:20:27.205] [DEBUG] cheese - null
[2022-03-11T20:20:39.511] [DEBUG] cheese - login => username:admin1,password:111111
[2022-03-11T20:20:39.511] [DEBUG] cheese - admin1
[2022-03-11T20:20:39.515] [DEBUG] cheese - null
[2022-03-11T20:20:39.515] [DEBUG] cheese - null
[2022-03-11T20:20:45.332] [DEBUG] cheese - login => username:admin,password:123456
[2022-03-11T20:20:45.332] [DEBUG] cheese - admin
[2022-03-11T20:20:45.334] [DEBUG] cheese - null
[2022-03-11T20:20:45.334] [DEBUG] cheese - null
[2022-03-11T20:21:57.332] [DEBUG] cheese - login => username:admin,password:123456
[2022-03-11T20:21:57.332] [DEBUG] cheese - admin
[2022-03-11T20:21:57.334] [DEBUG] cheese - null
[2022-03-11T20:21:57.334] [DEBUG] cheese - null
[2022-03-11T20:25:38.261] [DEBUG] cheese - null
[2022-03-11T20:25:38.266] [DEBUG] cheese - null
[2022-03-11T20:25:40.839] [DEBUG] cheese - null
[2022-03-11T20:25:40.842] [DEBUG] cheese - null
[2022-03-11T20:25:41.737] [DEBUG] cheese - null
[2022-03-11T20:25:41.739] [DEBUG] cheese - null
[2022-03-11T20:25:42.393] [DEBUG] cheese - null
[2022-03-11T20:25:42.395] [DEBUG] cheese - null
[2022-03-11T20:25:43.563] [DEBUG] cheese - null
[2022-03-11T20:25:43.566] [DEBUG] cheese - null
[2022-03-11T20:25:47.934] [DEBUG] cheese - null
[2022-03-11T20:25:47.936] [DEBUG] cheese - null
[2022-03-11T20:26:05.669] [DEBUG] cheese - null
[2022-03-11T20:26:05.671] [DEBUG] cheese - null
[2022-03-11T20:26:05.680] [DEBUG] cheese - null
[2022-03-11T20:26:05.681] [DEBUG] cheese - null
[2022-03-11T20:26:10.472] [DEBUG] cheese - null
[2022-03-11T20:26:10.473] [DEBUG] cheese - null
[2022-03-11T20:26:11.081] [DEBUG] cheese - null
[2022-03-11T20:26:11.083] [DEBUG] cheese - null
[2022-03-11T20:26:12.109] [DEBUG] cheese - null
[2022-03-11T20:26:12.111] [DEBUG] cheese - null
[2022-03-11T20:26:13.211] [DEBUG] cheese - null
[2022-03-11T20:26:13.212] [DEBUG] cheese - null
[2022-03-11T20:26:14.483] [DEBUG] cheese - null
[2022-03-11T20:26:14.485] [DEBUG] cheese - null
[2022-03-11T20:26:16.637] [DEBUG] cheese - null
[2022-03-11T20:26:16.639] [DEBUG] cheese - null
[2022-03-11T20:26:16.962] [DEBUG] cheese - null
[2022-03-11T20:26:16.964] [DEBUG] cheese - null
[2022-03-11T20:26:17.687] [DEBUG] cheese - null
[2022-03-11T20:26:17.689] [DEBUG] cheese - null
[2022-03-11T20:26:18.658] [DEBUG] cheese - null
[2022-03-11T20:26:18.660] [DEBUG] cheese - null
[2022-03-11T20:26:19.141] [DEBUG] cheese - null
[2022-03-11T20:26:19.143] [DEBUG] cheese - null
[2022-03-11T20:26:19.801] [DEBUG] cheese - null
[2022-03-11T20:26:19.803] [DEBUG] cheese - null
[2022-03-11T20:26:20.351] [DEBUG] cheese - null
[2022-03-11T20:26:20.353] [DEBUG] cheese - null
[2022-03-11T20:26:25.789] [DEBUG] cheese - null
[2022-03-11T20:26:25.790] [DEBUG] cheese - null
[2022-03-11T20:26:26.210] [DEBUG] cheese - null
[2022-03-11T20:26:26.213] [DEBUG] cheese - null
[2022-03-11T20:26:29.679] [DEBUG] cheese - null
[2022-03-11T20:26:29.681] [DEBUG] cheese - null
[2022-03-11T20:27:40.304] [DEBUG] cheese - login => username:admin,password:123456
[2022-03-11T20:27:40.304] [DEBUG] cheese - admin
[2022-03-11T20:27:40.307] [DEBUG] cheese - null
[2022-03-11T20:27:40.307] [DEBUG] cheese - null
[2022-03-11T20:27:48.680] [DEBUG] cheese - login => username:linken,password:1486720211
[2022-03-11T20:27:48.680] [DEBUG] cheese - linken
[2022-03-11T20:27:48.684] [DEBUG] cheese - null
[2022-03-11T20:27:48.684] [DEBUG] cheese - null
[2022-03-11T20:27:57.058] [DEBUG] cheese - login => username:linken,password:1213213123
[2022-03-11T20:27:57.058] [DEBUG] cheese - linken
[2022-03-11T20:27:57.061] [DEBUG] cheese - null
[2022-03-11T20:27:57.061] [DEBUG] cheese - null
[2022-03-11T20:30:18.564] [DEBUG] cheese - login => username:admin,password:123456
[2022-03-11T20:30:18.564] [DEBUG] cheese - admin
[2022-03-11T20:30:18.569] [DEBUG] cheese - null
[2022-03-11T20:30:18.569] [DEBUG] cheese - null
[2022-03-11T20:30:29.598] [DEBUG] cheese - login => username:admin,password:123456
[2022-03-11T20:30:29.598] [DEBUG] cheese - admin
[2022-03-11T20:30:29.601] [DEBUG] cheese - null
[2022-03-11T20:30:29.601] [DEBUG] cheese - null
[2022-03-11T20:31:55.083] [DEBUG] cheese - login => username:admin,password:123456
[2022-03-11T20:31:55.084] [DEBUG] cheese - admin
[2022-03-11T20:31:55.095] [DEBUG] cheese - null
[2022-03-11T20:31:55.095] [DEBUG] cheese - null
[2022-03-11T20:31:58.703] [DEBUG] cheese - login => username:admin,password:111111
[2022-03-11T20:31:58.704] [DEBUG] cheese - admin
[2022-03-11T20:31:58.708] [DEBUG] cheese - null
[2022-03-11T20:31:58.708] [DEBUG] cheese - null
[2022-03-11T20:32:00.125] [DEBUG] cheese - login => username:admin,password:1111111
[2022-03-11T20:32:00.125] [DEBUG] cheese - admin
[2022-03-11T20:32:00.128] [DEBUG] cheese - null
[2022-03-11T20:32:00.129] [DEBUG] cheese - null
[2022-03-11T20:32:01.599] [DEBUG] cheese - login => username:admin1,password:1111111
[2022-03-11T20:32:01.599] [DEBUG] cheese - admin1
[2022-03-11T20:32:01.602] [DEBUG] cheese - null
[2022-03-11T20:32:01.602] [DEBUG] cheese - null
[2022-03-11T20:42:56.941] [DEBUG] cheese - login => username:admin1,password:1111111
[2022-03-11T20:42:56.944] [DEBUG] cheese - admin1
[2022-03-11T20:42:56.951] [DEBUG] cheese - null
[2022-03-11T20:42:56.952] [DEBUG] cheese - null
[2022-03-11T20:43:04.774] [DEBUG] cheese - null
[2022-03-11T20:43:04.777] [DEBUG] cheese - null
[2022-03-11T20:43:23.057] [DEBUG] cheese - login => username:admin,password:123456
[2022-03-11T20:43:23.057] [DEBUG] cheese - admin
[2022-03-11T20:43:23.059] [DEBUG] cheese - null
[2022-03-11T20:43:23.060] [DEBUG] cheese - null
[2022-03-11T20:51:33.406] [DEBUG] cheese - null
[2022-03-11T20:51:33.408] [DEBUG] cheese - null
[2022-03-11T20:51:36.519] [DEBUG] cheese - null
[2022-03-11T20:51:36.521] [DEBUG] cheese - null
[2022-03-11T21:28:01.214] [DEBUG] cheese - null
[2022-03-11T21:28:01.217] [DEBUG] cheese - null
[2022-03-11T21:28:11.836] [DEBUG] cheese - null
[2022-03-11T21:28:11.838] [DEBUG] cheese - null
[2022-03-11T21:28:15.937] [DEBUG] cheese - null
[2022-03-11T21:28:15.938] [DEBUG] cheese - null
[2022-03-11T21:28:16.685] [DEBUG] cheese - null
[2022-03-11T21:28:16.687] [DEBUG] cheese - null
[2022-03-11T21:28:16.689] [DEBUG] cheese - null
[2022-03-11T21:28:16.809] [DEBUG] cheese - null
[2022-03-11T21:28:23.329] [DEBUG] cheese - null
[2022-03-11T21:28:23.331] [DEBUG] cheese - null
[2022-03-11T22:03:25.682] [DEBUG] cheese - null
[2022-03-11T22:03:25.686] [DEBUG] cheese - null
[2022-03-11T22:03:26.490] [DEBUG] cheese - null
[2022-03-11T22:03:26.495] [DEBUG] cheese - null
[2022-03-11T22:03:26.602] [DEBUG] cheese - null
[2022-03-11T22:03:26.605] [DEBUG] cheese - null
[2022-03-11T22:10:15.446] [DEBUG] cheese - null
[2022-03-11T22:10:15.449] [DEBUG] cheese - null
[2022-03-11T22:44:35.262] [DEBUG] cheese - login => username:admin,password:123456
[2022-03-11T22:44:35.262] [DEBUG] cheese - admin
[2022-03-11T22:44:35.264] [DEBUG] cheese - null
[2022-03-11T22:44:35.264] [DEBUG] cheese - null
[2022-03-11T22:45:38.863] [DEBUG] cheese - login => username:admin,password:123456
[2022-03-11T22:45:38.863] [DEBUG] cheese - admin
[2022-03-11T22:45:38.865] [DEBUG] cheese - null
[2022-03-11T22:45:38.866] [DEBUG] cheese - null
[2022-03-12T11:18:07.504] [DEBUG] cheese - login => username:admin,password:123456
[2022-03-12T11:18:07.507] [DEBUG] cheese - admin
[2022-03-12T11:18:07.563] [DEBUG] cheese - null
[2022-03-12T11:18:07.563] [DEBUG] cheese - null
[2022-03-13T09:38:29.893] [DEBUG] cheese - login => username:admin,password:123456
[2022-03-13T09:38:29.895] [DEBUG] cheese - admin
[2022-03-13T09:38:29.903] [DEBUG] cheese - null
[2022-03-13T09:38:29.903] [DEBUG] cheese - null
[2022-03-13T09:41:49.525] [DEBUG] cheese - login => username:admin,password:123456
[2022-03-13T09:41:49.525] [DEBUG] cheese - admin
[2022-03-13T09:41:49.528] [DEBUG] cheese - null
[2022-03-13T09:41:49.528] [DEBUG] cheese - null
